[2026-04-01 08:16] ❌ SSH连接失败（连续第118次）
[2026-04-01 08:31] ❌ SSH连接失败（连续第119次）
[2026-04-01 08:46] ❌ SSH连接失败（连续第120次）
[2026-04-01 09:01] ❌ SSH连接失败（连续第121次）
[2026-04-01 09:16] ❌ SSH连接失败（连续第122次）
[2026-04-01 09:31] ❌ SSH连接失败（连续第123次）
[2026-04-01 09:46] ❌ SSH连接失败（连续第124次）
[2026-04-01 10:01] ❌ SSH连接失败（连续第125次）
[2026-04-01 10:16] ❌ SSH连接失败（连续第126次）
[2026-04-01 10:32] ❌ SSH连接失败（连续第127次）
[2026-04-01 10:47] ❌ SSH连接失败（连续第128次）
[2026-04-01 11:02] ❌ SSH连接失败（连续第129次）
[2026-04-01 11:17] ❌ SSH连接失败（连续第130次）
[2026-04-01 11:32] ❌ SSH连接失败（连续第131次）
[2026-04-01 11:47] ❌ SSH连接失败（连续第132次）
[2026-04-01 12:02] ❌ SSH连接失败（连续第133次）
[2026-04-01 12:17] ❌ SSH连接失败（连续第134次）
[2026-04-01 12:32] ❌ SSH连接失败（连续第135次）
[2026-04-01 12:47] ❌ SSH连接失败（连续第136次）
[2026-04-01 13:02] ❌ SSH连接失败（连续第137次）
[2026-04-01 13:17] ❌ SSH连接失败（连续第138次）
[2026-04-01 13:32] ❌ SSH连接失败（连续第139次）
[2026-04-01 13:47] ❌ SSH连接失败（连续第140次）
[2026-04-01 14:02] ❌ SSH连接失败（连续第141次）
[2026-04-01 14:17] ❌ SSH连接失败（连续第142次）
[2026-04-01 14:32] ❌ SSH连接失败（连续第143次）
[2026-04-01 14:47] ❌ SSH连接失败（连续第144次）
[2026-04-01 15:02] ❌ SSH连接失败（连续第145次）
[2026-04-01 15:17] ❌ SSH连接失败（连续第146次）
[2026-04-01 15:32] ❌ SSH连接失败（连续第147次）
[2026-04-01 15:47] ❌ SSH连接失败（连续第148次）
[2026-04-01 16:02] ❌ SSH连接失败（连续第149次）
[2026-04-01 16:17] ❌ SSH连接失败（连续第150次）
[2026-04-01 16:32] ❌ SSH连接失败（连续第151次）
[2026-04-01 16:47] ❌ SSH连接失败（连续第152次）
[2026-04-01 17:02] ❌ SSH连接失败（连续第153次）
[2026-04-01 17:17] ❌ SSH连接失败（连续第154次）
[2026-04-01 17:32] ❌ SSH连接失败（连续第155次）
[2026-04-01 17:47] ❌ SSH连接失败（连续第156次）
[2026-04-01 18:02] ❌ SSH连接失败（连续第157次）
[2026-04-01 18:17] ❌ SSH连接失败（连续第158次）
[2026-04-01 18:32] ❌ SSH连接失败（连续第159次）
[2026-04-01 18:47] ❌ SSH连接失败（连续第160次）
[2026-04-01 19:02] ❌ SSH连接失败（连续第161次）
[2026-04-01 19:17] ❌ SSH连接失败（连续第162次）
[2026-04-01 19:32] ❌ SSH连接失败（连续第163次）
[2026-04-01 19:47] ❌ SSH连接失败（连续第164次）
[2026-04-01 20:02] ❌ SSH连接失败（连续第165次）
[2026-04-01 20:17] ❌ SSH连接失败（连续第166次）
[2026-04-01 20:32] ❌ SSH连接失败（连续第167次）
[2026-04-01 20:47] ❌ SSH连接失败（连续第168次）
[2026-04-01 21:02] ❌ SSH连接失败（连续第169次）
[2026-04-01 21:17] ❌ SSH连接失败（连续第170次）
[2026-04-01 21:32] ❌ SSH连接失败（连续第171次）
[2026-04-01 21:47] ❌ SSH连接失败（连续第172次）
[2026-04-01 22:02] ❌ SSH连接失败（连续第173次）
[2026-04-01 22:17] ❌ SSH连接失败（连续第174次）
[2026-04-01 22:32] ❌ SSH连接失败（连续第175次）
[2026-04-01 22:47] ❌ SSH连接失败（连续第176次）
[2026-04-01 23:02] ❌ SSH连接失败（连续第177次）
[2026-04-01 23:17] ❌ SSH连接失败（连续第178次）
[2026-04-01 23:32] ❌ SSH连接失败（连续第179次）
[2026-04-01 23:47] ❌ SSH连接失败（连续第180次）
[2026-04-02 00:02] ❌ SSH连接失败（连续第181次）
[2026-04-02 00:17] ❌ SSH连接失败（连续第182次）
[2026-04-02 00:32] ❌ SSH连接失败（连续第183次）
[2026-04-02 00:47] ❌ SSH连接失败（连续第184次）
[2026-04-02 01:02] ❌ SSH连接失败（连续第185次）
[2026-04-02 01:17] ❌ SSH连接失败（连续第186次）
[2026-04-02 01:32] ❌ SSH连接失败（连续第187次）
[2026-04-02 01:47] ✅ 第287次检查 | 4工位: ADA/1h, ADA/1h, ADA/1h, ADA/1h | 内存: 6.0/24.5GB | 毕业生: 4个 | 进度: 无进度
[2026-04-02 02:02] ✅ 第288次检查 | 2工位: ADA/1h, ADA/1h | 内存: 2.1/24.5GB | 毕业生: 4个 | 进度: 无进度
[2026-04-02 02:17] ✅ 第289次检查 | 4工位: ADA/1h, ADA/1h, ADA/1h, AVAX/1h | 内存: 1.5/24.5GB | 毕业生: 4个 | 进度: 无进度
[2026-04-02 02:32] ✅ 第290次检查 | 4工位: ADA/1h, ADA/1h, ADA/1h, AVAX/1h | 内存: 7.7/24.5GB | 毕业生: 4个 | 进度: 无进度
[2026-04-02 02:47] ✅ 第291次检查 | 4工位: ADA/1h, ADA/1h, ADA/1h, AVAX/1h | 内存: 8.1/24.5GB | 毕业生: 4个 | 进度: 无进度
[2026-04-02 03:02] ✅ 第292次检查 | 4工位: ADA/1h, ADA/1h, ADA/1h, AVAX/1h | 内存: 8.2/24.5GB | 毕业生: 4个 | 进度: 无进度
[2026-04-02 03:17] ✅ 第293次检查 | 4工位: ADA/1h, ADA/1h, ADA/1h, AVAX/1h | 内存: 8.2/24.5GB | 毕业生: 4个 | 进度: 无进度
[2026-04-02 03:32] ✅ 第294次检查 | 4工位: ADA/1h, ADA/1h, ADA/1h, AVAX/1h | 内存: 8.2/24.5GB | 毕业生: 4个 | 进度: 无进度
[2026-04-02 03:47] ✅ 第295次检查 | 4工位: ADA/1h, ADA/1h, ADA/1h, AVAX/1h | 内存: 8.2/24.5GB | 毕业生: 4个 | 进度: 无进度
[2026-04-02 04:02] ✅ 第296次检查 | 4工位: ADA/1h, ADA/1h, ADA/1h, AVAX/1h | 内存: 8.2/24.5GB | 毕业生: 4个 | 进度: 无进度
[2026-04-02 04:17] ✅ 第297次检查 | 4工位: ADA/1h, ADA/1h, ADA/1h, AVAX/1h | 内存: 8.2/24.5GB | 毕业生: 4个 | 进度: 无进度
[2026-04-02 04:32] ✅ 第298次检查 | 4工位: ADA/1h, ADA/1h, ADA/1h, AVAX/1h | 内存: 8.2/24.5GB | 毕业生: 4个 | 进度: 无进度
[2026-04-02 04:47] ✅ 第299次检查 | 4工位: ADA/1h, ADA/1h, ADA/1h, AVAX/1h | 内存: 8.2/24.5GB | 毕业生: 4个 | 进度: 无进度
[2026-04-02 05:02] ✅ 第300次检查 | 4工位: ADA/1h, ADA/1h, ADA/1h, AVAX/1h | 内存: 8.2/24.5GB | 毕业生: 4个 | 进度: 无进度
[2026-04-02 05:17] ✅ 第301次检查 | 4工位: ADA/1h, ADA/1h, ADA/1h, AVAX/1h | 内存: 8.2/24.5GB | 毕业生: 4个 | 进度: 无进度
[2026-04-02 05:32] ✅ 第302次检查 | 4工位: ADA/1h, ADA/1h, ADA/1h, AVAX/1h | 内存: 8.2/24.5GB | 毕业生: 4个 | 进度: 无进度
[2026-04-02 05:47] ✅ 第303次检查 | 4工位: ADA/1h, ADA/1h, ADA/1h, AVAX/1h | 内存: 8.2/24.5GB | 毕业生: 4个 | 进度: 无进度
[2026-04-02 06:03] ✅ 第304次检查 | 4工位: ADA/1h, ADA/1h, ADA/1h, AVAX/1h | 内存: 8.2/24.5GB | 毕业生: 4个 | 进度: 无进度
[2026-04-02 06:18] ✅ 第305次检查 | 4工位: ADA/1h, ADA/1h, ADA/1h, AVAX/1h | 内存: 8.2/24.5GB | 毕业生: 4个 | 进度: 无进度
[2026-04-02 06:33] ✅ 第306次检查 | 4工位: ADA/1h, ADA/1h, ADA/1h, AVAX/1h | 内存: 8.2/24.5GB | 毕业生: 4个 | 进度: 无进度
[2026-04-02 06:48] ✅ 第307次检查 | 4工位: ADA/1h, ADA/1h, ADA/1h, AVAX/1h | 内存: 8.2/24.5GB | 毕业生: 4个 | 进度: 无进度
[2026-04-02 07:03] ✅ 第308次检查 | 4工位: ADA/1h, ADA/1h, ADA/1h, AVAX/1h | 内存: 8.2/24.5GB | 毕业生: 4个 | 进度: 无进度
[2026-04-02 07:18] ✅ 第309次检查 | 4工位: ADA/1h, ADA/1h, ADA/1h, AVAX/1h | 内存: 8.2/24.5GB | 毕业生: 4个 | 进度: 无进度
[2026-04-02 07:33] ✅ 第310次检查 | 4工位: ADA/1h, ADA/1h, ADA/1h, AVAX/1h | 内存: 8.2/24.5GB | 毕业生: 4个 | 进度: 无进度
[2026-04-02 07:48] ✅ 第311次检查 | 4工位: ADA/1h, ADA/1h, ADA/1h, AVAX/1h | 内存: 8.2/24.5GB | 毕业生: 4个 | 进度: 无进度
[2026-04-02 08:03] ✅ 第312次检查 | 4工位: ADA/1h, ADA/1h, ADA/1h, AVAX/1h | 内存: 8.2/24.5GB | 毕业生: 4个 | 进度: 无进度
[2026-04-02 08:18] ✅ 第313次检查 | 4工位: ADA/1h, ADA/1h, ADA/1h, AVAX/1h | 内存: 8.2/24.5GB | 毕业生: 4个 | 进度: 无进度
[2026-04-02 08:33] ✅ 第314次检查 | 4工位: ADA/1h, ADA/1h, ADA/1h, AVAX/1h | 内存: 8.2/24.5GB | 毕业生: 4个 | 进度: 无进度
[2026-04-02 08:48] ✅ 第315次检查 | 4工位: ADA/1h, ADA/1h, ADA/1h, AVAX/1h | 内存: 8.2/24.5GB | 毕业生: 4个 | 进度: 无进度
[2026-04-02 09:03] ✅ 第316次检查 | 4工位: ADA/1h, ADA/1h, ADA/1h, AVAX/1h | 内存: 8.2/24.5GB | 毕业生: 4个 | 进度: 无进度
[2026-04-02 09:18] ✅ 第317次检查 | 4工位: ADA/1h, ADA/1h, ADA/1h, AVAX/1h | 内存: 8.2/24.5GB | 毕业生: 4个 | 进度: 无进度
[2026-04-02 09:33] ✅ 第318次检查 | 4工位: ADA/1h, ADA/1h, ADA/1h, AVAX/1h | 内存: 8.2/24.5GB | 毕业生: 4个 | 进度: 无进度
[2026-04-02 09:48] ✅ 第319次检查 | 4工位: ADA/1h, ADA/1h, ADA/1h, AVAX/1h | 内存: 8.2/24.5GB | 毕业生: 4个 | 进度: 无进度
[2026-04-02 10:03] ✅ 第320次检查 | 4工位: ADA/1h, ADA/1h, ADA/1h, AVAX/1h | 内存: 8.2/24.5GB | 毕业生: 4个 | 进度: 无进度
[2026-04-02 10:18] ✅ 第321次检查 | 4工位: ADA/1h, ADA/1h, ADA/1h, AVAX/1h | 内存: 8.2/24.5GB | 毕业生: 4个 | 进度: 无进度
[2026-04-02 10:33] ✅ 第322次检查 | 4工位: ADA/1h, ADA/1h, ADA/1h, AVAX/1h | 内存: 8.2/24.5GB | 毕业生: 4个 | 进度: 无进度
[2026-04-02 10:48] ✅ 第323次检查 | 4工位: ADA/1h, ADA/1h, ADA/1h, AVAX/1h | 内存: 8.2/24.5GB | 毕业生: 4个 | 进度: 无进度
[2026-04-02 11:03] ✅ 第324次检查 | 4工位: ADA/1h, ADA/1h, ADA/1h, AVAX/1h | 内存: 8.2/24.5GB | 毕业生: 4个 | 进度: 无进度
[2026-04-02 11:18] ✅ 第325次检查 | 4工位: ADA/1h, ADA/1h, ADA/1h, AVAX/1h | 内存: 8.2/24.5GB | 毕业生: 4个 | 进度: 无进度
[2026-04-02 11:33] ✅ 第326次检查 | 4工位: ADA/1h, ADA/1h, ADA/1h, AVAX/1h | 内存: 8.2/24.5GB | 毕业生: 4个 | 进度: 无进度
[2026-04-02 11:48] ✅ 第327次检查 | 4工位: ADA/1h, ADA/1h, ADA/1h, AVAX/1h | 内存: 8.2/24.5GB | 毕业生: 4个 | 进度: 无进度
[2026-04-02 12:03] ✅ 第328次检查 | 4工位: ADA/1h, ADA/1h, ADA/1h, AVAX/1h | 内存: 8.2/24.5GB | 毕业生: 4个 | 进度: 无进度
[2026-04-02 12:18] ✅ 第329次检查 | 4工位: ADA/1h, ADA/1h, ADA/1h, AVAX/1h | 内存: 8.2/24.5GB | 毕业生: 4个 | 进度: 无进度
[2026-04-02 12:33] ✅ 第330次检查 | 4工位: ADA/1h, ADA/1h, ADA/1h, AVAX/1h | 内存: 8.2/24.5GB | 毕业生: 4个 | 进度: 无进度
[2026-04-02 12:48] ✅ 第331次检查 | 4工位: ADA/1h, ADA/1h, ADA/1h, AVAX/1h | 内存: 8.2/24.5GB | 毕业生: 4个 | 进度: 无进度
[2026-04-02 13:03] ✅ 第332次检查 | 4工位: ADA/1h, ADA/1h, ADA/1h, AVAX/1h | 内存: 8.2/24.5GB | 毕业生: 4个 | 进度: 无进度
[2026-04-02 13:18] ✅ 第333次检查 | 4工位: ADA/1h, ADA/1h, ADA/1h, AVAX/1h | 内存: 8.2/24.5GB | 毕业生: 4个 | 进度: 无进度
[2026-04-02 13:33] ✅ 第334次检查 | 4工位: ADA/1h, ADA/1h, ADA/1h, AVAX/1h | 内存: 8.2/24.5GB | 毕业生: 4个 | 进度: 无进度
[2026-04-02 13:48] ✅ 第335次检查 | 4工位: ADA/1h, ADA/1h, ADA/1h, AVAX/1h | 内存: 8.2/24.5GB | 毕业生: 4个 | 进度: 无进度
[2026-04-02 14:03] ✅ 第336次检查 | 4工位: ADA/1h, ADA/1h, ADA/1h, AVAX/1h | 内存: 8.2/24.5GB | 毕业生: 4个 | 进度: 无进度
[2026-04-02 14:18] ✅ 第337次检查 | 4工位: ADA/1h, ADA/1h, ADA/1h, AVAX/1h | 内存: 8.2/24.5GB | 毕业生: 4个 | 进度: 无进度
[2026-04-02 14:33] ✅ 第338次检查 | 4工位: ADA/1h, ADA/1h, ADA/1h, AVAX/1h | 内存: 8.2/24.5GB | 毕业生: 4个 | 进度: 无进度
[2026-04-02 14:48] ✅ 第339次检查 | 4工位: ADA/1h, ADA/1h, ADA/1h, AVAX/1h | 内存: 8.2/24.5GB | 毕业生: 4个 | 进度: 无进度
[2026-04-02 15:04] ✅ 第340次检查 | 4工位: ADA/1h, ADA/1h, ADA/1h, AVAX/1h | 内存: 8.2/24.5GB | 毕业生: 4个 | 进度: 无进度
[2026-04-02 15:19] ✅ 第341次检查 | 4工位: ADA/1h, ADA/1h, ADA/1h, AVAX/1h | 内存: 8.2/24.5GB | 毕业生: 4个 | 进度: 无进度
[2026-04-02 15:34] ✅ 第342次检查 | 4工位: ADA/1h, ADA/1h, ADA/1h, AVAX/1h | 内存: 8.2/24.5GB | 毕业生: 4个 | 进度: 无进度
[2026-04-02 15:49] ✅ 第343次检查 | 4工位: ADA/1h, ADA/1h, ADA/1h, AVAX/1h | 内存: 8.2/24.5GB | 毕业生: 4个 | 进度: 无进度
[2026-04-02 16:04] ✅ 第344次检查 | 4工位: ADA/1h, ADA/1h, ADA/1h, AVAX/1h | 内存: 8.2/24.5GB | 毕业生: 4个 | 进度: 无进度
[2026-04-02 16:19] ✅ 第345次检查 | 4工位: ADA/1h, ADA/1h, ADA/1h, AVAX/1h | 内存: 8.2/24.5GB | 毕业生: 4个 | 进度: 无进度
[2026-04-02 16:34] ✅ 第346次检查 | 4工位: ADA/1h, ADA/1h, ADA/1h, AVAX/1h | 内存: 8.2/24.5GB | 毕业生: 4个 | 进度: 无进度
[2026-04-02 16:49] ✅ 第347次检查 | 4工位: ADA/1h, ADA/1h, ADA/1h, AVAX/1h | 内存: 8.2/24.5GB | 毕业生: 4个 | 进度: 无进度
[2026-04-02 17:04] ✅ 第348次检查 | 4工位: ADA/1h, ADA/1h, ADA/1h, AVAX/1h | 内存: 8.2/24.5GB | 毕业生: 4个 | 进度: 无进度
[2026-04-02 17:19] ✅ 第349次检查 | 4工位: ADA/1h, ADA/1h, ADA/1h, AVAX/1h | 内存: 8.2/24.5GB | 毕业生: 4个 | 进度: 无进度
[2026-04-02 17:34] ✅ 第350次检查 | 4工位: ADA/1h, ADA/1h, ADA/1h, AVAX/1h | 内存: 8.2/24.5GB | 毕业生: 4个 | 进度: 无进度
[2026-04-02 17:49] ✅ 第351次检查 | 4工位: ADA/1h, ADA/1h, ADA/1h, AVAX/1h | 内存: 8.2/24.5GB | 毕业生: 4个 | 进度: 无进度
[2026-04-02 18:04] ✅ 第352次检查 | 4工位: ADA/1h, ADA/1h, ADA/1h, AVAX/1h | 内存: 8.2/24.5GB | 毕业生: 4个 | 进度: 无进度
[2026-04-02 18:19] ✅ 第353次检查 | 4工位: ADA/1h, ADA/1h, ADA/1h, AVAX/1h | 内存: 8.2/24.5GB | 毕业生: 4个 | 进度: 无进度
[2026-04-02 18:34] ✅ 第354次检查 | 4工位: ADA/1h, ADA/1h, ADA/1h, AVAX/1h | 内存: 8.2/24.5GB | 毕业生: 4个 | 进度: 无进度
[2026-04-02 18:49] ✅ 第355次检查 | 4工位: ADA/1h, ADA/1h, ADA/1h, AVAX/1h | 内存: 8.2/24.5GB | 毕业生: 4个 | 进度: 无进度
[2026-04-02 19:04] ✅ 第356次检查 | 4工位: ADA/1h, ADA/1h, ADA/1h, AVAX/1h | 内存: 8.2/24.5GB | 毕业生: 4个 | 进度: 无进度
[2026-04-02 19:19] ✅ 第357次检查 | 4工位: ADA/1h, ADA/1h, ADA/1h, AVAX/1h | 内存: 8.2/24.5GB | 毕业生: 4个 | 进度: 无进度
[2026-04-02 19:34] ✅ 第358次检查 | 4工位: ADA/1h, ADA/1h, ADA/1h, AVAX/1h | 内存: 8.2/24.5GB | 毕业生: 4个 | 进度: 无进度
[2026-04-02 19:49] ✅ 第359次检查 | 4工位: ADA/1h, ADA/1h, ADA/1h, AVAX/1h | 内存: 8.2/24.5GB | 毕业生: 4个 | 进度: 无进度
[2026-04-02 20:04] ✅ 第360次检查 | 4工位: ADA/1h, ADA/1h, ADA/1h, AVAX/1h | 内存: 8.2/24.5GB | 毕业生: 4个 | 进度: 无进度
[2026-04-02 20:19] ✅ 第361次检查 | 4工位: ADA/1h, ADA/1h, ADA/1h, AVAX/1h | 内存: 8.2/24.5GB | 毕业生: 4个 | 进度: 无进度
[2026-04-02 20:34] ✅ 第362次检查 | 4工位: ADA/1h, ADA/1h, ADA/1h, AVAX/1h | 内存: 8.2/24.5GB | 毕业生: 4个 | 进度: 无进度
[2026-04-02 20:49] ✅ 第363次检查 | 4工位: ADA/1h, ADA/1h, ADA/1h, AVAX/1h | 内存: 8.2/24.5GB | 毕业生: 4个 | 进度: 无进度
[2026-04-02 21:04] ✅ 第364次检查 | 4工位: ADA/1h, ADA/1h, ADA/1h, AVAX/1h | 内存: 8.2/24.5GB | 毕业生: 4个 | 进度: 无进度
[2026-04-02 21:19] ✅ 第365次检查 | 4工位: ADA/1h, ADA/1h, ADA/1h, AVAX/1h | 内存: 8.2/24.5GB | 毕业生: 4个 | 进度: 无进度
[2026-04-02 21:34] ✅ 第366次检查 | 4工位: ADA/1h, ADA/1h, ADA/1h, AVAX/1h | 内存: 8.2/24.5GB | 毕业生: 4个 | 进度: 无进度
[2026-04-02 21:49] ✅ 第367次检查 | 4工位: ADA/1h, ADA/1h, ADA/1h, AVAX/1h | 内存: 8.2/24.5GB | 毕业生: 4个 | 进度: 无进度
[2026-04-02 22:04] ✅ 第368次检查 | 4工位: ADA/1h, ADA/1h, ADA/1h, AVAX/1h | 内存: 8.2/24.5GB | 毕业生: 4个 | 进度: 无进度
[2026-04-02 22:19] ❌ SSH连接失败（连续第1次）
[2026-04-02 22:34] ✅ 第370次检查 | 4工位: ADA/1h, ADA/1h, ADA/1h, ADA/1h | 内存: 3.7/24.5GB | 毕业生: 4个 | 进度: 无进度
[2026-04-02 22:49] ✅ 第371次检查 | 4工位: ADA/1h, ADA/1h, ADA/1h, ADA/1h | 内存: 5.2/24.5GB | 毕业生: 4个 | 进度: 无进度
[2026-04-02 23:04] ✅ 第372次检查 | 4工位: ADA/1h, ADA/1h, ADA/1h, ADA/1h | 内存: 5.3/24.5GB | 毕业生: 4个 | 进度: 无进度
[2026-04-02 23:19] ✅ 第373次检查 | 4工位: ADA/1h, ADA/1h, ADA/1h, ADA/1h | 内存: 5.3/24.5GB | 毕业生: 4个 | 进度: 无进度
[2026-04-02 23:34] ✅ 第374次检查 | 4工位: ADA/1h, ADA/1h, ADA/1h, ADA/1h | 内存: 5.3/24.5GB | 毕业生: 5个 | 🎓 新毕业: grad_20260402_233236_r26.json, grad_20260330_234958_r1.json, grad_20260330_110615_r1.json | 进度: 无进度
[2026-04-02 23:49] ✅ 第375次检查 | 4工位: ADA/1h, ADA/1h, ADA/1h, ADA/1h | 内存: 5.3/24.5GB | 毕业生: 5个 | 进度: 无进度
[2026-04-03 00:05] ✅ 第376次检查 | 4工位: ADA/1h, ADA/1h, ADA/1h, ADA/1h | 内存: 5.3/24.5GB | 毕业生: 5个 | 进度: 无进度
[2026-04-03 00:20] ✅ 第377次检查 | 4工位: ADA/1h, ADA/1h, ADA/1h, ADA/1h | 内存: 5.3/24.5GB | 毕业生: 5个 | 进度: 无进度
[2026-04-03 00:35] ✅ 第378次检查 | 4工位: ADA/1h, ADA/1h, ADA/1h, ADA/1h | 内存: 5.3/24.5GB | 毕业生: 5个 | 进度: 无进度
[2026-04-03 00:50] ✅ 第379次检查 | 4工位: ADA/1h, ADA/1h, ADA/1h, ADA/1h | 内存: 5.3/24.5GB | 毕业生: 5个 | 进度: 无进度
[2026-04-03 01:05] ✅ 第380次检查 | 4工位: ADA/1h, ADA/1h, ADA/1h, ADA/1h | 内存: 5.3/24.5GB | 毕业生: 5个 | 进度: 无进度
[2026-04-03 01:20] ✅ 第381次检查 | 4工位: ADA/1h, ADA/1h, ADA/1h, ADA/1h | 内存: 5.3/24.5GB | 毕业生: 11个 | 🎓 新毕业: grad_20260403_011609_r72.json, grad_20260403_011346_r71.json, grad_20260403_011122_r70.json | 进度: 无进度
[2026-04-03 01:35] ✅ 第382次检查 | 4工位: ADA/1h, ADA/1h, ADA/1h, ADA/1h | 内存: 5.3/24.5GB | 毕业生: 11个 | 进度: 无进度
[2026-04-03 01:50] ✅ 第383次检查 | 4工位: ADA/1h, ADA/1h, ADA/1h, ADA/1h | 内存: 5.3/24.5GB | 毕业生: 11个 | 进度: 无进度
[2026-04-03 02:05] ✅ 第384次检查 | 4工位: ADA/1h, ADA/1h, ADA/1h, ADA/1h | 内存: 5.3/24.5GB | 毕业生: 11个 | 进度: 无进度
[2026-04-03 02:20] ✅ 第385次检查 | 4工位: ADA/1h, ADA/1h, ADA/1h, ADA/1h | 内存: 5.3/24.5GB | 毕业生: 11个 | 进度: 无进度
[2026-04-03 02:35] ✅ 第386次检查 | 4工位: ADA/1h, ADA/1h, ADA/1h, ADA/1h | 内存: 5.3/24.5GB | 毕业生: 14个 | 🎓 新毕业: grad_20260403_023101_r100.json, grad_20260403_022806_r99.json, grad_20260403_022504_r98.json | 进度: 无进度
[2026-04-03 02:50] ✅ 第387次检查 | 4工位: ADA/1h, ADA/1h, ADA/1h, ADA/1h | 内存: 5.3/24.5GB | 毕业生: 19个 | 🎓 新毕业: grad_20260403_024609_r105.json, grad_20260403_024310_r104.json, grad_20260403_024003_r103.json | 进度: 无进度
[2026-04-03 03:05] ✅ 第388次检查 | 4工位: ADA/1h, ADA/1h, ADA/1h, ADA/1h | 内存: 5.3/24.5GB | 毕业生: 24个 | 🎓 新毕业: grad_20260403_030115_r110.json, grad_20260403_025815_r109.json, grad_20260403_025518_r108.json | 进度: 无进度
[2026-04-03 03:20] ✅ 第389次检查 | 4工位: ADA/1h, ADA/1h, ADA/1h, ADA/1h | 内存: 5.3/24.5GB | 毕业生: 29个 | 🎓 新毕业: grad_20260403_031624_r115.json, grad_20260403_031320_r114.json, grad_20260403_031021_r113.json | 进度: 无进度
[2026-04-03 03:35] ✅ 第390次检查 | 4工位: ADA/1h, ADA/1h, ADA/1h, ADA/1h | 内存: 5.3/24.5GB | 毕业生: 34个 | 🎓 新毕业: grad_20260403_033201_r120.json, grad_20260403_032850_r119.json, grad_20260403_032539_r118.json | 进度: 无进度
[2026-04-03 03:50] ✅ 第391次检查 | 4工位: ADA/1h, ADA/1h, ADA/1h, ADA/1h | 内存: 5.3/24.5GB | 毕业生: 38个 | 🎓 新毕业: grad_20260403_034444_r124.json, grad_20260403_034132_r123.json, grad_20260403_033821_r122.json | 进度: 无进度
[2026-04-03 04:05] ✅ 第392次检查 | 4工位: ADA/1h, ADA/1h, ADA/1h, ADA/1h | 内存: 5.3/24.5GB | 毕业生: 43个 | 🎓 新毕业: grad_20260403_040034_r129.json, grad_20260403_035725_r128.json, grad_20260403_035414_r127.json | 进度: 无进度
[2026-04-03 04:20] ✅ 第393次检查 | 4工位: ADA/1h, ADA/1h, ADA/1h, ADA/1h | 内存: 5.3/24.5GB | 毕业生: 48个 | 🎓 新毕业: grad_20260403_041623_r134.json, grad_20260403_041313_r133.json, grad_20260403_041002_r132.json | 进度: 无进度
[2026-04-03 04:35] ✅ 第394次检查 | 4工位: ADA/1h, ADA/1h, ADA/1h, ADA/1h | 内存: 5.3/24.5GB | 毕业生: 53个 | 🎓 新毕业: grad_20260403_043210_r139.json, grad_20260403_042903_r138.json, grad_20260403_042553_r137.json | 进度: 无进度
[2026-04-03 04:50] ✅ 第395次检查 | 4工位: ADA/1h, ADA/1h, ADA/1h, ADA/1h | 内存: 5.3/24.5GB | 毕业生: 57个 | 🎓 新毕业: grad_20260403_044448_r143.json, grad_20260403_044138_r142.json, grad_20260403_043830_r141.json | 进度: 无进度
[2026-04-03 05:05] ✅ 第396次检查 | 4工位: ADA/1h, ADA/1h, ADA/1h, ADA/1h | 内存: 5.3/24.5GB | 毕业生: 62个 | 🎓 新毕业: grad_20260403_050044_r148.json, grad_20260403_045731_r147.json, grad_20260403_045419_r146.json | 进度: 无进度
[2026-04-03 05:20] ✅ 第397次检查 | 4工位: ADA/1h, ADA/1h, ADA/1h, ADA/1h | 内存: 5.3/24.5GB | 毕业生: 67个 | 🎓 新毕业: grad_20260403_051636_r153.json, grad_20260403_051326_r152.json, grad_20260403_051014_r151.json | 进度: 无进度
[2026-04-03 05:35] ✅ 第398次检查 | 4工位: ADA/1h, ADA/1h, ADA/1h, ADA/1h | 内存: 5.3/24.5GB | 毕业生: 74个 | 🎓 新毕业: grad_20260403_053222_r158.json, grad_20260403_052911_r157.json, grad_20260403_052602_r156.json | 进度: 无进度
[2026-04-03 05:50] ✅ 第399次检查 | 4工位: ADA/1h, ADA/1h, ADA/1h, ADA/1h | 内存: 5.3/24.5GB | 毕业生: 78个 | 🎓 新毕业: grad_20260403_054453_r162.json, grad_20260403_054146_r161.json, grad_20260403_053835_r160.json | 进度: 无进度
[2026-04-03 06:05] ✅ 第400次检查 | 4工位: ADA/1h, ADA/1h, ADA/1h, ADA/1h | 内存: 5.3/24.5GB | 毕业生: 83个 | 🎓 新毕业: grad_20260403_060038_r167.json, grad_20260403_055731_r166.json, grad_20260403_055419_r165.json | 进度: 无进度
[2026-04-03 06:20] ✅ 第401次检查 | 4工位: ADA/1h, ADA/1h, ADA/1h, ADA/1h | 内存: 5.3/24.5GB | 毕业生: 88个 | 🎓 新毕业: grad_20260403_061624_r172.json, grad_20260403_061315_r171.json, grad_20260403_061007_r170.json | 进度: 无进度
[2026-04-03 06:35] ✅ 第402次检查 | 4工位: ADA/1h, ADA/1h, ADA/1h, ADA/1h | 内存: 5.3/24.5GB | 毕业生: 93个 | 🎓 新毕业: grad_20260403_063204_r177.json, grad_20260403_062857_r176.json, grad_20260403_062549_r175.json | 进度: 无进度
[2026-04-03 06:50] ✅ 第403次检查 | 4工位: ADA/1h, ADA/1h, ADA/1h, ADA/1h | 内存: 5.3/24.5GB | 毕业生: 97个 | 🎓 新毕业: grad_20260403_064431_r181.json, grad_20260403_064122_r180.json, grad_20260403_063818_r179.json | 进度: 无进度
[2026-04-03 07:05] ✅ 第404次检查 | 4工位: ADA/1h, ADA/1h, ADA/1h, ADA/1h | 内存: 5.3/24.5GB | 毕业生: 102个 | 🎓 新毕业: grad_20260403_070011_r186.json, grad_20260403_065700_r185.json, grad_20260403_065355_r184.json | 进度: 无进度
[2026-04-03 07:20] ✅ 第405次检查 | 4工位: ADA/1h, ADA/1h, ADA/1h, ADA/1h | 内存: 5.3/24.5GB | 毕业生: 108个 | 🎓 新毕业: grad_20260403_071547_r191.json, grad_20260403_071237_r190.json, grad_20260403_070932_r189.json | 进度: 无进度
[2026-04-03 07:35] ✅ 第406次检查 | 4工位: ADA/1h, ADA/1h, ADA/1h, ADA/1h | 内存: 5.3/24.5GB | 毕业生: 113个 | 🎓 新毕业: grad_20260403_073142_r196.json, grad_20260403_072825_r195.json, grad_20260403_072517_r194.json | 进度: 无进度
[2026-04-03 07:50] ✅ 第407次检查 | 4工位: ADA/1h, ADA/1h, ADA/1h, ADA/1h | 内存: 5.3/24.5GB | 毕业生: 117个 | 🎓 新毕业: grad_20260403_074433_r200.json, grad_20260403_074120_r199.json, grad_20260403_073808_r198.json | 进度: 无进度
[2026-04-03 08:05] ✅ 第408次检查 | 4工位: ADA/1h, ADA/1h, ADA/1h, ADA/1h | 内存: 5.3/24.5GB | 毕业生: 122个 | 🎓 新毕业: grad_20260403_080033_r205.json, grad_20260403_075723_r204.json, grad_20260403_075413_r203.json | 进度: 无进度
[2026-04-03 08:20] ✅ 第409次检查 | 4工位: ADA/1h, ADA/1h, ADA/1h, ADA/1h | 内存: 5.3/24.5GB | 毕业生: 127个 | 🎓 新毕业: grad_20260403_081649_r210.json, grad_20260403_081329_r209.json, grad_20260403_081008_r208.json | 进度: 无进度
[2026-04-03 08:35] ✅ 第410次检查 | 4工位: ADA/1h, ADA/1h, ADA/1h, ADA/1h | 内存: 5.3/24.5GB | 毕业生: 131个 | 🎓 新毕业: grad_20260403_082949_r214.json, grad_20260403_082635_r213.json, grad_20260403_082314_r212.json | 进度: 无进度
[2026-04-03 08:51] ✅ 第411次检查 | 4工位: ADA/1h, ADA/1h, ADA/1h, ADA/1h | 内存: 5.3/24.5GB | 毕业生: 136个 | 🎓 新毕业: grad_20260403_084603_r219.json, grad_20260403_084246_r218.json, grad_20260403_083931_r217.json | 进度: 无进度
[2026-04-03 09:06] ✅ 第412次检查 | 4工位: ADA/1h, ADA/1h, ADA/1h, ADA/1h | 内存: 5.3/24.5GB | 毕业生: 141个 | 🎓 新毕业: grad_20260403_090225_r224.json, grad_20260403_085908_r223.json, grad_20260403_085553_r222.json | 进度: 无进度
[2026-04-03 09:21] ✅ 第413次检查 | 4工位: ADA/1h, ADA/1h, ADA/1h, ADA/1h | 内存: 5.3/24.5GB | 毕业生: 145个 | 🎓 新毕业: grad_20260403_091543_r228.json, grad_20260403_091227_r227.json, grad_20260403_090905_r226.json | 进度: 无进度
[2026-04-03 09:36] ✅ 第414次检查 | 4工位: ADA/1h, ADA/1h, ADA/1h, ADA/1h | 内存: 5.4/24.5GB | 毕业生: 150个 | 🎓 新毕业: grad_20260403_093204_r233.json, grad_20260403_092846_r232.json, grad_20260403_092529_r231.json | 进度: 无进度
[2026-04-03 09:51] ✅ 第415次检查 | 4工位: ADA/1h, ADA/1h, ADA/1h, ADA/1h | 内存: 5.4/24.5GB | 毕业生: 154个 | 🎓 新毕业: grad_20260403_094514_r237.json, grad_20260403_094200_r236.json, grad_20260403_093837_r235.json | 进度: 无进度
[2026-04-03 10:06] ✅ 第416次检查 | 4工位: ADA/1h, ADA/1h, ADA/1h, ADA/1h | 内存: 5.4/24.5GB | 毕业生: 159个 | 🎓 新毕业: grad_20260403_100153_r242.json, grad_20260403_095832_r241.json, grad_20260403_095516_r240.json | 进度: 无进度
[2026-04-03 10:21] ✅ 第417次检查 | 4工位: ADA/1h, ADA/1h, ADA/1h, ADA/1h | 内存: 5.4/24.5GB | 毕业生: 163个 | 🎓 新毕业: grad_20260403_101514_r246.json, grad_20260403_101151_r245.json, grad_20260403_100832_r244.json | 进度: 无进度
[2026-04-03 10:36] ✅ 第418次检查 | 4工位: ADA/1h, ADA/1h, ADA/1h, ADA/1h | 内存: 5.4/24.5GB | 毕业生: 168个 | 🎓 新毕业: grad_20260403_103144_r251.json, grad_20260403_102827_r250.json, grad_20260403_102510_r249.json | 进度: 无进度
[2026-04-03 10:51] ✅ 第419次检查 | 4工位: ADA/1h, ADA/1h, ADA/1h, ADA/1h | 内存: 5.4/24.5GB | 毕业生: 172个 | 🎓 新毕业: grad_20260403_104459_r255.json, grad_20260403_104137_r254.json, grad_20260403_103821_r253.json | 进度: 无进度
[2026-04-03 11:06] ✅ 第420次检查 | 4工位: ADA/1h, ADA/1h, ADA/1h, ADA/1h | 内存: 5.4/24.5GB | 毕业生: 177个 | 🎓 新毕业: grad_20260403_110134_r260.json, grad_20260403_105817_r259.json, grad_20260403_105457_r258.json | 进度: 无进度
[2026-04-03 11:21] ✅ 第421次检查 | 4工位: ADA/1h, ADA/1h, ADA/1h, ADA/1h | 内存: 5.4/24.5GB | 毕业生: 181个 | 🎓 新毕业: grad_20260403_111456_r264.json, grad_20260403_111136_r263.json, grad_20260403_110813_r262.json | 进度: 无进度
[2026-04-03 11:36] ✅ 第422次检查 | 4工位: ADA/1h, ADA/1h, ADA/1h, ADA/1h | 内存: 5.4/24.5GB | 毕业生: 186个 | 🎓 新毕业: grad_20260403_113135_r269.json, grad_20260403_112814_r268.json, grad_20260403_112454_r267.json | 进度: 无进度
[2026-04-03 11:51] ✅ 第423次检查 | 4工位: ADA/1h, ADA/1h, ADA/1h, ADA/1h | 内存: 5.4/24.5GB | 毕业生: 190个 | 🎓 新毕业: grad_20260403_114459_r273.json, grad_20260403_114139_r272.json, grad_20260403_113817_r271.json | 进度: 无进度
[2026-04-03 12:06] ✅ 第424次检查 | 4工位: ADA/1h, ADA/1h, ADA/1h, ADA/1h | 内存: 5.4/24.5GB | 毕业生: 195个 | 🎓 新毕业: grad_20260403_120146_r278.json, grad_20260403_115828_r277.json, grad_20260403_115507_r276.json | 进度: 无进度
[2026-04-03 12:21] ✅ 第425次检查 | 4工位: ADA/1h, ADA/1h, ADA/1h, ADA/1h | 内存: 5.4/24.5GB | 毕业生: 199个 | 🎓 新毕业: grad_20260403_121512_r282.json, grad_20260403_121151_r281.json, grad_20260403_120828_r280.json | 进度: 无进度
[2026-04-03 12:36] ✅ 第426次检查 | 4工位: ADA/1h, ADA/1h, ADA/1h, ADA/1h | 内存: 5.4/24.5GB | 毕业生: 204个 | 🎓 新毕业: grad_20260403_123205_r287.json, grad_20260403_122843_r286.json, grad_20260403_122517_r285.json | 进度: 无进度
[2026-04-03 12:51] ✅ 第427次检查 | 4工位: ADA/1h, ADA/1h, ADA/1h, ADA/1h | 内存: 5.4/24.5GB | 毕业生: 208个 | 🎓 新毕业: grad_20260403_124538_r291.json, grad_20260403_124217_r290.json, grad_20260403_123852_r289.json | 进度: 无进度
[2026-04-03 13:06] ✅ 第428次检查 | 4工位: ADA/1h, ADA/1h, ADA/1h, ADA/1h | 内存: 5.4/24.5GB | 毕业生: 213个 | 🎓 新毕业: grad_20260403_130238_r296.json, grad_20260403_125914_r295.json, grad_20260403_125551_r294.json | 进度: 无进度
[2026-04-03 13:21] ✅ 第429次检查 | 4工位: ADA/1h, ADA/1h, ADA/1h, ADA/1h | 内存: 5.4/24.5GB | 毕业生: 217个 | 🎓 新毕业: grad_20260403_131605_r300.json, grad_20260403_131241_r299.json, grad_20260403_130919_r298.json | 进度: 无进度
[2026-04-03 13:36] ✅ 第430次检查 | 4工位: ADA/1h, ADA/1h, ADA/1h, ADA/1h | 内存: 5.4/24.5GB | 毕业生: 221个 | 🎓 新毕业: grad_20260403_132948_r304.json, grad_20260403_132615_r303.json, grad_20260403_132247_r302.json | 进度: 无进度
[2026-04-03 13:51] ✅ 第431次检查 | 4工位: ADA/1h, ADA/1h, ADA/1h, ADA/1h | 内存: 5.4/24.5GB | 毕业生: 226个 | 🎓 新毕业: grad_20260403_134733_r309.json, grad_20260403_134356_r308.json, grad_20260403_134015_r307.json | 进度: 无进度
[2026-04-03 14:06] ✅ 第432次检查 | 4工位: ADA/1h, ADA/1h, ADA/1h, ADA/1h | 内存: 5.4/24.5GB | 毕业生: 230个 | 🎓 新毕业: grad_20260403_140209_r313.json, grad_20260403_135829_r312.json, grad_20260403_135451_r311.json | 进度: 无进度
[2026-04-03 14:21] ✅ 第433次检查 | 4工位: ADA/1h, ADA/1h, ADA/1h, AVAX/1h | 内存: 9.9/24.5GB | 毕业生: 232个 | 🎓 新毕业: grad_20260403_140706_r1.json, grad_20260403_141401_r424.json, grad_20260403_140209_r313.json | 进度: 无进度
[2026-04-03 14:36] ✅ 第434次检查 | 4工位: ADA/1h, ADA/1h, ADA/1h, AVAX/1h | 内存: 10.0/24.5GB | 毕业生: 232个 | 进度: 无进度
[2026-04-03 14:51] ✅ 第435次检查 | 4工位: ADA/1h, ADA/1h, ADA/1h, AVAX/1h | 内存: 10.0/24.5GB | 毕业生: 232个 | 进度: 无进度
[2026-04-03 15:06] ✅ 第436次检查 | 4工位: ADA/1h, ADA/1h, ADA/1h, AVAX/1h | 内存: 10.1/24.5GB | 毕业生: 232个 | 进度: 无进度
[2026-04-03 15:21] ✅ 第437次检查 | 4工位: ADA/1h, ADA/1h, ADA/1h, AVAX/1h | 内存: 10.1/24.5GB | 毕业生: 232个 | 进度: 无进度
[2026-04-03 15:36] ✅ 第438次检查 | 4工位: ADA/1h, ADA/1h, ADA/1h, AVAX/1h | 内存: 10.1/24.5GB | 毕业生: 232个 | 进度: 无进度
[2026-04-03 15:51] ✅ 第439次检查 | 4工位: ADA/1h, ADA/1h, ADA/1h, AVAX/1h | 内存: 10.1/24.5GB | 毕业生: 234个 | 🎓 新毕业: grad_20260403_154310_r40.json, grad_20260403_154111_r39.json, grad_20260403_140706_r1.json | 进度: 无进度
[2026-04-03 16:06] ✅ 第440次检查 | 4工位: ADA/1h, ADA/1h, ADA/1h, AVAX/1h | 内存: 10.1/24.5GB | 毕业生: 234个 | 进度: 无进度
[2026-04-03 16:21] ✅ 第441次检查 | 4工位: ADA/1h, ADA/1h, ADA/1h, AVAX/1h | 内存: 10.1/24.5GB | 毕业生: 234个 | 进度: 无进度
[2026-04-03 16:36] ✅ 第442次检查 | 4工位: ADA/1h, ADA/1h, ADA/1h, AVAX/1h | 内存: 10.1/24.5GB | 毕业生: 234个 | 进度: 无进度
[2026-04-03 16:51] ✅ 第443次检查 | 4工位: ADA/1h, ADA/1h, ADA/1h, AVAX/1h | 内存: 10.1/24.5GB | 毕业生: 234个 | 进度: 无进度
[2026-04-03 17:06] ✅ 第444次检查 | 4工位: ADA/1h, ADA/1h, ADA/1h, AVAX/1h | 内存: 10.1/24.5GB | 毕业生: 234个 | 进度: 无进度
[2026-04-03 17:21] ✅ 第445次检查 | 4工位: ADA/1h, ADA/1h, ADA/1h, AVAX/1h | 内存: 10.1/24.5GB | 毕业生: 234个 | 进度: 无进度
[2026-04-03 17:37] ✅ 第446次检查 | 4工位: ADA/1h, ADA/1h, ADA/1h, AVAX/1h | 内存: 10.1/24.5GB | 毕业生: 234个 | 进度: 无进度
[2026-04-03 17:52] ✅ 第447次检查 | 4工位: ADA/1h, ADA/1h, ADA/1h, AVAX/1h | 内存: 10.1/24.5GB | 毕业生: 235个 | 🎓 新毕业: grad_20260403_174131_r96.json, grad_20260403_154310_r40.json, grad_20260403_154111_r39.json | 进度: 无进度
[2026-04-03 18:07] ✅ 第448次检查 | 4工位: ADA/1h, ADA/1h, ADA/1h, AVAX/1h | 内存: 10.1/24.5GB | 毕业生: 235个 | 进度: 无进度
[2026-04-03 18:22] ✅ 第449次检查 | 4工位: ADA/1h, ADA/1h, ADA/1h, AVAX/1h | 内存: 10.1/24.5GB | 毕业生: 235个 | 进度: 无进度
[2026-04-03 18:37] ✅ 第450次检查 | 4工位: ADA/1h, ADA/1h, ADA/1h, AVAX/1h | 内存: 10.1/24.5GB | 毕业生: 235个 | 进度: 无进度
[2026-04-03 18:52] ✅ 第451次检查 | 4工位: ADA/1h, ADA/1h, ADA/1h, AVAX/1h | 内存: 10.1/24.5GB | 毕业生: 235个 | 进度: 无进度
[2026-04-03 19:07] ✅ 第452次检查 | 4工位: ADA/1h, ADA/1h, ADA/1h, AVAX/1h | 内存: 10.1/24.5GB | 毕业生: 235个 | 进度: 无进度
[2026-04-03 19:22] ✅ 第453次检查 | 4工位: ADA/1h, ADA/1h, ADA/1h, AVAX/1h | 内存: 10.1/24.5GB | 毕业生: 235个 | 进度: 无进度
[2026-04-03 19:37] ✅ 第454次检查 | 4工位: ADA/1h, ADA/1h, ADA/1h, AVAX/1h | 内存: 10.1/24.5GB | 毕业生: 235个 | 进度: 无进度
[2026-04-03 19:52] ✅ 第455次检查 | 4工位: ADA/1h, ADA/1h, ADA/1h, AVAX/1h | 内存: 10.1/24.5GB | 毕业生: 235个 | 进度: 无进度
[2026-04-03 20:07] ✅ 第456次检查 | 4工位: ADA/1h, ADA/1h, ADA/1h, AVAX/1h | 内存: 10.1/24.5GB | 毕业生: 235个 | 进度: 无进度
[2026-04-03 20:22] ✅ 第457次检查 | 4工位: ADA/1h, ADA/1h, ADA/1h, AVAX/1h | 内存: 10.1/24.5GB | 毕业生: 235个 | 进度: 无进度
[2026-04-03 20:37] ✅ 第458次检查 | 4工位: ADA/1h, ADA/1h, ADA/1h, AVAX/1h | 内存: 10.1/24.5GB | 毕业生: 235个 | 进度: 无进度
[2026-04-03 20:52] ✅ 第459次检查 | 4工位: ADA/1h, ADA/1h, ADA/1h, AVAX/1h | 内存: 10.1/24.5GB | 毕业生: 235个 | 进度: 无进度
[2026-04-03 21:07] ✅ 第460次检查 | 4工位: ADA/1h, ADA/1h, ADA/1h, AVAX/1h | 内存: 10.1/24.5GB | 毕业生: 235个 | 进度: 无进度
[2026-04-03 21:22] ✅ 第461次检查 | 4工位: ADA/1h, ADA/1h, ADA/1h, AVAX/1h | 内存: 10.1/24.5GB | 毕业生: 235个 | 进度: 无进度
[2026-04-03 21:37] ✅ 第462次检查 | 4工位: ADA/1h, AVAX/1h, AVAX/1h, AVAX/1h | 内存: 3.8/24.5GB | 毕业生: 235个 | 进度: 无进度
[2026-04-03 21:52] ✅ 第463次检查 | 4工位: ADA/1h, AVAX/1h, AVAX/1h, AVAX/1h | 内存: 8.0/24.5GB | 毕业生: 237个 | 🎓 新毕业: grad_20260403_214218_r681.json, grad_20260403_213513_r1.json, grad_20260403_174131_r96.json | 进度: 无进度
[2026-04-03 22:07] ✅ 第464次检查 | 4工位: ADA/1h, AVAX/1h, AVAX/1h, AVAX/1h | 内存: 8.1/24.5GB | 毕业生: 238个 | 🎓 新毕业: grad_20260403_215003_r683.json, grad_20260403_214218_r681.json, grad_20260403_213513_r1.json | 进度: 无进度
[2026-04-03 22:22] ✅ 第465次检查 | 4工位: ADA/1h, AVAX/1h, AVAX/1h, AVAX/1h | 内存: 8.1/24.5GB | 毕业生: 238个 | 进度: 无进度
[2026-04-03 22:37] ✅ 第466次检查 | 4工位: ADA/1h, AVAX/1h, AVAX/1h, AVAX/1h | 内存: 8.1/24.5GB | 毕业生: 238个 | 进度: 无进度
[2026-04-03 22:52] ✅ 第467次检查 | 4工位: ADA/1h, AVAX/1h, AVAX/1h, AVAX/1h | 内存: 8.1/24.5GB | 毕业生: 238个 | 进度: 无进度
[2026-04-03 23:07] ✅ 第468次检查 | 4工位: ADA/1h, AVAX/1h, AVAX/1h, AVAX/1h | 内存: 8.1/24.5GB | 毕业生: 239个 | 🎓 新毕业: grad_20260403_225426_r44.json, grad_20260403_215003_r683.json, grad_20260403_214218_r681.json | 进度: 无进度
[2026-04-03 23:22] ✅ 第469次检查 | 4工位: ADA/1h, AVAX/1h, AVAX/1h, AVAX/1h | 内存: 8.1/24.5GB | 毕业生: 239个 | 进度: 无进度
[2026-04-03 23:37] ✅ 第470次检查 | 4工位: ADA/1h, AVAX/1h, AVAX/1h, AVAX/1h | 内存: 8.1/24.5GB | 毕业生: 239个 | 进度: 无进度
[2026-04-03 23:52] ✅ 第471次检查 | 4工位: ADA/1h, AVAX/1h, AVAX/1h, AVAX/1h | 内存: 8.1/24.5GB | 毕业生: 239个 | 进度: 无进度
[2026-04-04 00:07] ✅ 第472次检查 | 4工位: ADA/1h, AVAX/1h, AVAX/1h, AVAX/1h | 内存: 8.1/24.5GB | 毕业生: 4个 | 进度: 无进度
[2026-04-04 00:22] ✅ 第473次检查 | 4工位: ADA/1h, AVAX/1h, AVAX/1h, AVAX/1h | 内存: 8.1/24.5GB | 毕业生: 5个 | 🎓 新毕业: grad_20260404_001613_r721.json, grad_20260403_225426_r44.json, grad_20260403_213513_r1.json | 进度: 无进度
[2026-04-04 00:37] ✅ 第474次检查 | 4工位: ADA/1h, ADA/1h, ADA/1h, ADA/1h | 内存: 12.6/24.5GB | 毕业生: 8个 | 🎓 新毕业: grad_20260404_003441_r437.json, grad_20260403_213343_r103.json, grad_20260404_003101_r436.json | 进度: 无进度
[2026-04-04 00:52] ✅ 第475次检查 | 4工位: ADA/1h, ADA/1h, ADA/1h, ADA/1h | 内存: 13.3/24.5GB | 毕业生: 12个 | 🎓 新毕业: grad_20260404_004143_r105.json, grad_20260404_004006_r439.json, grad_20260404_003612_r104.json | 进度: 无进度
[2026-04-04 01:07] ✅ 第476次检查 | 4工位: ADA/1h, ADA/1h, ADA/1h, ADA/1h | 内存: 14.7/24.5GB | 毕业生: 12个 | 进度: 无进度
[2026-04-04 01:22] ✅ 第477次检查 | 4工位: ADA/1h, ADA/1h, ADA/1h, ADA/1h | 内存: 14.7/24.5GB | 毕业生: 12个 | 进度: 无进度
[2026-04-04 01:37] ✅ 第478次检查 | 4工位: ADA/1h, ADA/1h, ADA/1h, ADA/1h | 内存: 14.7/24.5GB | 毕业生: 12个 | 进度: 无进度
[2026-04-04 01:52] ✅ 第479次检查 | 4工位: ADA/1h, ADA/1h, ADA/1h, ADA/1h | 内存: 14.7/24.5GB | 毕业生: 12个 | 进度: 无进度
[2026-04-04 02:07] ✅ 第480次检查 | 4工位: ADA/1h, ADA/1h, ADA/1h, ADA/1h | 内存: 14.7/24.5GB | 毕业生: 12个 | 进度: 无进度
[2026-04-04 02:23] ✅ 第481次检查 | 4工位: ADA/1h, ADA/1h, ADA/1h, ADA/1h | 内存: 14.7/24.5GB | 毕业生: 12个 | 进度: 无进度
[2026-04-04 02:38] ✅ 第482次检查 | 4工位: ADA/1h, ADA/1h, ADA/1h, ADA/1h | 内存: 14.7/24.5GB | 毕业生: 13个 | 🎓 新毕业: grad_20260404_023433_r480.json, grad_20260404_015054_r465.json, grad_20260404_004143_r105.json | 进度: 无进度
[2026-04-04 02:53] ✅ 第483次检查 | 4工位: ADA/1h, ADA/1h, ADA/1h, ADA/1h | 内存: 14.7/24.5GB | 毕业生: 14个 | 🎓 新毕业: grad_20260404_024607_r484.json, grad_20260404_023433_r480.json, grad_20260404_015054_r465.json | 进度: 无进度
[2026-04-04 03:08] ✅ 第484次检查 | 4工位: ADA/1h, ADA/1h, ADA/1h, ADA/1h | 内存: 14.7/24.5GB | 毕业生: 15个 | 🎓 新毕业: grad_20260404_025855_r488.json, grad_20260404_024607_r484.json, grad_20260404_023433_r480.json | 进度: 无进度
[2026-04-04 03:23] ✅ 第485次检查 | 4工位: ADA/1h, ADA/1h, ADA/1h, ADA/1h | 内存: 14.7/24.5GB | 毕业生: 15个 | 进度: 无进度
[2026-04-04 03:38] ✅ 第486次检查 | 4工位: ADA/1h, ADA/1h, ADA/1h, ADA/1h | 内存: 14.7/24.5GB | 毕业生: 15个 | 进度: 无进度
[2026-04-04 03:53] ✅ 第487次检查 | 4工位: ADA/1h, ADA/1h, ADA/1h, ADA/1h | 内存: 14.7/24.5GB | 毕业生: 15个 | 进度: 无进度
[2026-04-04 04:08] ✅ 第488次检查 | 4工位: ADA/1h, ADA/1h, ADA/1h, ADA/1h | 内存: 14.7/24.5GB | 毕业生: 15个 | 进度: 无进度
[2026-04-04 04:23] ✅ 第489次检查 | 4工位: ADA/1h, ADA/1h, ADA/1h, ADA/1h | 内存: 14.7/24.5GB | 毕业生: 16个 | 🎓 新毕业: grad_20260404_041752_r514.json, grad_20260404_025855_r488.json, grad_20260404_024607_r484.json | 进度: 无进度
[2026-04-04 04:38] ✅ 第490次检查 | 4工位: ADA/1h, ADA/1h, ADA/1h, ADA/1h | 内存: 14.7/24.5GB | 毕业生: 21个 | 🎓 新毕业: grad_20260404_043323_r519.json, grad_20260404_043013_r518.json, grad_20260404_042705_r517.json | 进度: 无进度
[2026-04-04 04:53] ✅ 第491次检查 | 4工位: ADA/1h, ADA/1h, ADA/1h, ADA/1h | 内存: 14.7/24.5GB | 毕业生: 26个 | 🎓 新毕业: grad_20260404_044932_r524.json, grad_20260404_044616_r523.json, grad_20260404_044300_r522.json | 进度: 无进度
[2026-04-04 05:08] ✅ 第492次检查 | 4工位: ADA/1h, ADA/1h, ADA/1h, ADA/1h | 内存: 14.7/24.5GB | 毕业生: 30个 | 🎓 新毕业: grad_20260404_050237_r528.json, grad_20260404_045917_r527.json, grad_20260404_045601_r526.json | 进度: 无进度
[2026-04-04 05:23] ✅ 第493次检查 | 4工位: ADA/1h, ADA/1h, ADA/1h, ADA/1h | 内存: 14.7/24.5GB | 毕业生: 35个 | 🎓 新毕业: grad_20260404_051855_r533.json, grad_20260404_051539_r532.json, grad_20260404_051221_r531.json | 进度: 无进度
[2026-04-04 05:38] ✅ 第494次检查 | 4工位: ADA/1h, ADA/1h, ADA/1h, ADA/1h | 内存: 14.7/24.5GB | 毕业生: 39个 | 🎓 新毕业: grad_20260404_053153_r537.json, grad_20260404_052836_r536.json, grad_20260404_052522_r535.json | 进度: 无进度
[2026-04-04 05:53] ✅ 第495次检查 | 4工位: ADA/1h, ADA/1h, ADA/1h, ADA/1h | 内存: 14.7/24.5GB | 毕业生: 44个 | 🎓 新毕业: grad_20260404_054810_r542.json, grad_20260404_054459_r541.json, grad_20260404_054143_r540.json | 进度: 无进度
[2026-04-04 06:08] ✅ 第496次检查 | 4工位: ADA/1h, ADA/1h, ADA/1h, ADA/1h | 内存: 14.7/24.5GB | 毕业生: 49个 | 🎓 新毕业: grad_20260404_060354_r547.json, grad_20260404_060044_r546.json, grad_20260404_055734_r545.json | 进度: 无进度
[2026-04-04 06:23] ✅ 第497次检查 | 4工位: ADA/1h, ADA/1h, ADA/1h, ADA/1h | 内存: 14.7/24.5GB | 毕业生: 54个 | 🎓 新毕业: grad_20260404_061935_r552.json, grad_20260404_061627_r551.json, grad_20260404_061319_r550.json | 进度: 无进度
[2026-04-04 06:38] ✅ 第498次检查 | 4工位: ADA/1h, ADA/1h, ADA/1h, ADA/1h | 内存: 14.7/24.5GB | 毕业生: 58个 | 🎓 新毕业: grad_20260404_063212_r556.json, grad_20260404_062904_r555.json, grad_20260404_062555_r554.json | 进度: 无进度
[2026-04-04 06:53] ✅ 第499次检查 | 4工位: ADA/1h, ADA/1h, ADA/1h, ADA/1h | 内存: 14.7/24.5GB | 毕业生: 63个 | 🎓 新毕业: grad_20260404_064802_r561.json, grad_20260404_064448_r560.json, grad_20260404_064138_r559.json | 进度: 无进度
[2026-04-04 07:08] ✅ 第500次检查 | 4工位: ADA/1h, ADA/1h, ADA/1h, ADA/1h | 内存: 14.7/24.5GB | 毕业生: 68个 | 🎓 新毕业: grad_20260404_070352_r566.json, grad_20260404_070041_r565.json, grad_20260404_065730_r564.json | 进度: 无进度
[2026-04-04 07:23] ✅ 第501次检查 | 4工位: ADA/1h, ADA/1h, ADA/1h, ADA/1h | 内存: 14.7/24.5GB | 毕业生: 73个 | 🎓 新毕业: grad_20260404_071946_r571.json, grad_20260404_071630_r570.json, grad_20260404_071317_r569.json | 进度: 无进度
[2026-04-04 07:38] ✅ 第502次检查 | 4工位: ADA/1h, ADA/1h, ADA/1h, ADA/1h | 内存: 14.7/24.5GB | 毕业生: 77个 | 🎓 新毕业: grad_20260404_073234_r575.json, grad_20260404_072921_r574.json, grad_20260404_072609_r573.json | 进度: 无进度
[2026-04-04 07:53] ✅ 第503次检查 | 4工位: ADA/1h, ADA/1h, ADA/1h, ADA/1h | 内存: 14.7/24.5GB | 毕业生: 82个 | 🎓 新毕业: grad_20260404_074841_r580.json, grad_20260404_074527_r579.json, grad_20260404_074213_r578.json | 进度: 无进度
[2026-04-04 08:08] ✅ 第504次检查 | 4工位: ADA/1h, ADA/1h, ADA/1h, ADA/1h | 内存: 14.7/24.5GB | 毕业生: 87个 | 🎓 新毕业: grad_20260404_080434_r585.json, grad_20260404_080125_r584.json, grad_20260404_075818_r583.json | 进度: 无进度
[2026-04-04 08:23] ✅ 第505次检查 | 4工位: ADA/1h, ADA/1h, ADA/1h, ADA/1h | 内存: 14.7/24.5GB | 毕业生: 92个 | 🎓 新毕业: grad_20260404_082006_r590.json, grad_20260404_081700_r589.json, grad_20260404_081353_r588.json | 进度: 无进度
[2026-04-04 08:38] ✅ 第506次检查 | 4工位: ADA/1h, ADA/1h, ADA/1h, ADA/1h | 内存: 14.7/24.5GB | 毕业生: 96个 | 🎓 新毕业: grad_20260404_083240_r594.json, grad_20260404_082931_r593.json, grad_20260404_082624_r592.json | 进度: 无进度
[2026-04-04 08:53] ✅ 第507次检查 | 4工位: ADA/1h, ADA/1h, ADA/1h, ADA/1h | 内存: 14.7/24.5GB | 毕业生: 101个 | 🎓 新毕业: grad_20260404_084816_r599.json, grad_20260404_084509_r598.json, grad_20260404_084201_r597.json | 进度: 无进度
[2026-04-04 09:08] ✅ 第508次检查 | 4工位: ADA/1h, ADA/1h, ADA/1h, ADA/1h | 内存: 14.7/24.5GB | 毕业生: 106个 | 🎓 新毕业: grad_20260404_090352_r604.json, grad_20260404_090044_r603.json, grad_20260404_085738_r602.json | 进度: 无进度
[2026-04-04 09:23] ✅ 第509次检查 | 4工位: ADA/1h, ADA/1h, ADA/1h, ADA/1h | 内存: 14.7/24.5GB | 毕业生: 111个 | 🎓 新毕业: grad_20260404_092007_r609.json, grad_20260404_091700_r608.json, grad_20260404_091354_r607.json | 进度: 无进度
[2026-04-04 09:38] ✅ 第510次检查 | 4工位: ADA/1h, ADA/1h, ADA/1h, ADA/1h | 内存: 14.7/24.5GB | 毕业生: 115个 | 🎓 新毕业: grad_20260404_093239_r613.json, grad_20260404_092932_r612.json, grad_20260404_092624_r611.json | 进度: 无进度
[2026-04-04 09:53] ✅ 第511次检查 | 4工位: ADA/1h, ADA/1h, ADA/1h, ADA/1h | 内存: 14.7/24.5GB | 毕业生: 120个 | 🎓 新毕业: grad_20260404_094818_r618.json, grad_20260404_094507_r617.json, grad_20260404_094159_r616.json | 进度: 无进度
[2026-04-04 10:08] ✅ 第512次检查 | 4工位: ADA/1h, ADA/1h, ADA/1h, ADA/1h | 内存: 14.7/24.5GB | 毕业生: 125个 | 🎓 新毕业: grad_20260404_100402_r623.json, grad_20260404_100049_r622.json, grad_20260404_095741_r621.json | 进度: 无进度
[2026-04-04 10:23] ✅ 第513次检查 | 4工位: ADA/1h, ADA/1h, ADA/1h, ADA/1h | 内存: 14.7/24.5GB | 毕业生: 130个 | 🎓 新毕业: grad_20260404_101938_r628.json, grad_20260404_101629_r627.json, grad_20260404_101324_r626.json | 进度: 无进度
[2026-04-04 10:38] ✅ 第514次检查 | 4工位: ADA/1h, ADA/1h, ADA/1h, ADA/1h | 内存: 14.7/24.5GB | 毕业生: 135个 | 🎓 新毕业: grad_20260404_103515_r633.json, grad_20260404_103208_r632.json, grad_20260404_102900_r631.json | 进度: 无进度
[2026-04-04 10:53] ✅ 第515次检查 | 4工位: ADA/1h, ADA/1h, ADA/1h, ADA/1h | 内存: 14.7/24.5GB | 毕业生: 139个 | 🎓 新毕业: grad_20260404_104744_r637.json, grad_20260404_104437_r636.json, grad_20260404_104129_r635.json | 进度: 无进度
[2026-04-04 11:08] ✅ 第516次检查 | 4工位: ADA/1h, ADA/1h, ADA/1h, ADA/1h | 内存: 14.7/24.5GB | 毕业生: 144个 | 🎓 新毕业: grad_20260404_110321_r642.json, grad_20260404_110014_r641.json, grad_20260404_105703_r640.json | 进度: 无进度
[2026-04-04 11:23] ✅ 第517次检查 | 4工位: ADA/1h, ADA/1h, ADA/1h, ADA/1h | 内存: 14.7/24.5GB | 毕业生: 149个 | 🎓 新毕业: grad_20260404_111903_r647.json, grad_20260404_111558_r646.json, grad_20260404_111250_r645.json | 进度: 无进度
[2026-04-04 11:39] ✅ 第518次检查 | 4工位: AVAX/1h, BNB/1h, BNB/1h, BNB/1h | 内存: 4.2/24.5GB | 毕业生: 153个 | 🎓 新毕业: grad_20260403_213308_r170.json, grad_20260404_112831_r650.json, grad_20260404_112523_r649.json | 进度: 无进度
[2026-04-04 11:54] ✅ 第519次检查 | 4工位: AVAX/1h, BNB/1h, BNB/1h, BNB/1h | 内存: 11.7/24.5GB | 毕业生: 157个 | 🎓 新毕业: grad_20260404_114806_r2.json, grad_20260404_113750_r1.json, grad_20260404_113811_r1.json | 进度: 无进度
[2026-04-04 12:09] ✅ 第520次检查 | 4工位: AVAX/1h, BNB/1h, BNB/1h, BNB/1h | 内存: 12.2/24.5GB | 毕业生: 169个 | 🎓 新毕业: grad_20260404_120256_r4.json, grad_20260404_120013_r5.json, grad_20260404_120110_r7.json | 进度: 无进度
[2026-04-04 12:24] ✅ 第521次检查 | 4工位: AVAX/1h, BNB/1h, BNB/1h, BNB/1h | 内存: 12.3/24.5GB | 毕业生: 171个 | 🎓 新毕业: grad_20260404_121626_r8.json, grad_20260404_121009_r7.json, grad_20260404_120256_r4.json | 进度: 无进度
[2026-04-04 12:39] ✅ 第522次检查 | 4工位: AVAX/1h, BNB/1h, BNB/1h, BNB/1h | 内存: 12.3/24.5GB | 毕业生: 173个 | 🎓 新毕业: grad_20260404_122842_r10.json, grad_20260404_122228_r9.json, grad_20260404_121626_r8.json | 进度: 无进度
[2026-04-04 12:54] ✅ 第523次检查 | 4工位: AVAX/1h, BNB/1h, BNB/1h, BNB/1h | 内存: 12.3/24.5GB | 毕业生: 176个 | 🎓 新毕业: grad_20260404_124145_r12.json, grad_20260404_124349_r23.json, grad_20260404_123512_r11.json | 进度: 无进度
[2026-04-04 13:09] ✅ 第524次检查 | 4工位: AVAX/1h, BNB/1h, BNB/1h, BNB/1h | 内存: 12.3/24.5GB | 毕业生: 180个 | 🎓 新毕业: grad_20260404_130158_r20.json, grad_20260404_125748_r19.json, grad_20260404_125339_r18.json | 进度: 无进度
[2026-04-04 13:24] ✅ 第525次检查 | 4工位: AVAX/1h, BNB/1h, BNB/1h, BNB/1h | 内存: 12.3/24.5GB | 毕业生: 182个 | 🎓 新毕业: grad_20260404_131957_r28.json, grad_20260404_130805_r32.json, grad_20260404_130158_r20.json | 进度: 无进度
[2026-04-04 13:39] ✅ 第526次检查 | 4工位: AVAX/1h, BNB/1h, BNB/1h, BNB/1h | 内存: 12.3/24.5GB | 毕业生: 183个 | 🎓 新毕业: grad_20260404_132915_r19.json, grad_20260404_131957_r28.json, grad_20260404_130805_r32.json | 进度: 无进度
[2026-04-04 13:54] ✅ 第527次检查 | 4工位: AVAX/1h, BNB/1h, BNB/1h, BNB/1h | 内存: 12.3/24.5GB | 毕业生: 187个 | 🎓 新毕业: grad_20260404_134712_r22.json, grad_20260404_134830_r47.json, grad_20260404_134121_r21.json | 进度: 无进度
[2026-04-04 14:09] ✅ 第528次检查 | 4工位: AVAX/1h, BNB/1h, BNB/1h, BNB/1h | 内存: 14.5/24.5GB | 毕业生: 191个 | 🎓 新毕业: grad_20260404_140622_r42.json, grad_20260404_135948_r24.json, grad_20260404_135319_r23.json | 进度: 无进度
[2026-04-04 14:24] ✅ 第529次检查 | 4工位: AVAX/1h, BNB/1h, BNB/1h, BNB_COIN/1h | 内存: 13.2/24.5GB | 毕业生: 194个 | 🎓 新毕业: grad_20260404_141735_r27.json, grad_20260404_141151_r26.json, grad_20260404_140550_r25.json | 进度: 无进度
[2026-04-04 14:39] ✅ 第530次检查 | 4工位: AVAX/1h, BNB/1h, BNB_COIN/1h, BNB_COIN/1h | 内存: 12.2/24.5GB | 毕业生: 196个 | 🎓 新毕业: grad_20260404_142928_r29.json, grad_20260404_142330_r28.json, grad_20260404_141735_r27.json | 进度: 无进度
[2026-04-04 14:54] ✅ 第531次检查 | 4工位: AVAX/1h, BNB/1h, BNB_COIN/1h, BNB_COIN/1h | 内存: 12.4/24.5GB | 毕业生: 201个 | 🎓 新毕业: grad_20260404_145140_r7.json, grad_20260404_144222_r31.json, grad_20260404_144500_r4.json | 进度: 无进度
[2026-04-04 15:09] ✅ 第532次检查 | 4工位: AVAX/1h, BNB_COIN/1h, BNB_COIN/1h, BNB_COIN/1h | 内存: 11.6/24.5GB | 毕业生: 204个 | 🎓 新毕业: grad_20260404_150129_r34.json, grad_20260404_145526_r33.json, grad_20260404_144857_r32.json | 进度: 无进度
[2026-04-04 15:24] ✅ 第533次检查 | 4工位: AVAX/1h, BNB_COIN/1h, BNB_COIN/1h, BNB_COIN/1h | 内存: 12.5/24.5GB | 毕业生: 210个 | 🎓 新毕业: grad_20260404_151947_r4.json, grad_20260404_151648_r3.json, grad_20260404_151314_r36.json | 进度: 无进度
[2026-04-04 15:39] ✅ 第534次检查 | 4工位: AVAX/1h, BNB_COIN/1h, BNB_COIN/1h, BNB_COIN/1h | 内存: 12.5/24.5GB | 毕业生: 216个 | 🎓 新毕业: grad_20260404_153055_r39.json, grad_20260404_152506_r38.json, grad_20260404_152756_r7.json | 进度: 无进度
[2026-04-04 15:54] ✅ 第535次检查 | 4工位: AVAX/1h, BNB_COIN/1h, BNB_COIN/1h, BNB_COIN/1h | 内存: 12.5/24.5GB | 毕业生: 220个 | 🎓 新毕业: grad_20260404_154246_r41.json, grad_20260404_154335_r13.json, grad_20260404_154103_r12.json | 进度: 无进度
[2026-04-04 16:09] ✅ 第536次检查 | 4工位: AVAX/1h, BNB_COIN/1h, BNB_COIN/1h, BNB_COIN/1h | 内存: 12.5/24.5GB | 毕业生: 222个 | 🎓 新毕业: grad_20260404_160036_r44.json, grad_20260404_155441_r43.json, grad_20260404_154246_r41.json | 进度: 无进度
[2026-04-04 16:24] ✅ 第537次检查 | 4工位: AVAX/1h, BNB_COIN/1h, BNB_COIN/1h, BNB_COIN/1h | 内存: 12.5/24.5GB | 毕业生: 226个 | 🎓 新毕业: grad_20260404_161827_r47.json, grad_20260404_161235_r46.json, grad_20260404_160912_r22.json | 进度: 无进度
[2026-04-04 16:39] ✅ 第538次检查 | 4工位: AVAX/1h, BNB_COIN/1h, BNB_COIN/1h, BNB_COIN/1h | 内存: 12.1/24.5GB | 毕业生: 227个 | 🎓 新毕业: grad_20260404_163030_r49.json, grad_20260404_162428_r48.json, grad_20260404_161827_r47.json | 进度: 无进度
[2026-04-04 16:54] ✅ 第539次检查 | 4工位: BNB_COIN/1h, BNB_COIN/1h, BNB_COIN/1h, BNB_COIN/1h | 内存: 12.1/24.5GB | 毕业生: 230个 | 🎓 新毕业: grad_20260404_164220_r1.json, grad_20260404_163626_r50.json, grad_20260404_163446_r1.json | 进度: 无进度
[2026-04-04 17:09] ✅ 第540次检查 | 4工位: BNB_COIN/1h, BNB_COIN/1h, BNB_COIN/1h, BTC/1h | 内存: 11.4/24.5GB | 毕业生: 231个 | 🎓 新毕业: grad_20260404_170617_r14.json, grad_20260404_164220_r1.json, grad_20260404_163626_r50.json | 进度: 无进度
[2026-04-04 17:24] ✅ 第541次检查 | 4工位: BNB_COIN/1h, BNB_COIN/1h, BNB_COIN/1h, BTC/1h | 内存: 11.8/24.5GB | 毕业生: 232个 | 🎓 新毕业: grad_20260404_170943_r6.json, grad_20260404_170617_r14.json, grad_20260404_164220_r1.json | 进度: 无进度
[2026-04-04 17:39] ✅ 第542次检查 | 4工位: BNB_COIN/1h, BNB_COIN/1h, BNB_COIN/1h, BTC/1h | 内存: 12.1/24.5GB | 毕业生: 232个 | 进度: 无进度
[2026-04-04 17:54] ✅ 第543次检查 | 4工位: BNB_COIN/1h, BNB_COIN/1h, BNB_COIN/1h, BTC/1h | 内存: 12.1/24.5GB | 毕业生: 232个 | 进度: 无进度
[2026-04-04 18:09] ✅ 第544次检查 | 4工位: BNB_COIN/1h, BNB_COIN/1h, BNB_COIN/1h, BTC/1h | 内存: 12.1/24.5GB | 毕业生: 232个 | 进度: 无进度
[2026-04-04 18:24] ✅ 第545次检查 | 4工位: BNB_COIN/1h, BTC/1h, BTC/1h, BTC/1h | 内存: 11.8/24.5GB | 毕业生: 233个 | 🎓 新毕业: grad_20260404_181429_r1.json, grad_20260404_170943_r6.json, grad_20260404_170617_r14.json | 进度: 无进度
[2026-04-04 18:39] ✅ 第546次检查 | 4工位: BNB_COIN/1h, BTC/1h, BTC/1h, BTC/1h | 内存: 12.2/24.5GB | 毕业生: 241个 | 🎓 新毕业: grad_20260404_183716_r7.json, grad_20260404_183547_r5.json, grad_20260404_183428_r6.json | 进度: 无进度
[2026-04-04 18:54] ✅ 第547次检查 | 4工位: BNB_COIN/1h, BTC/1h, BTC/1h, BTC/1h | 内存: 12.3/24.5GB | 毕业生: 247个 | 🎓 新毕业: grad_20260404_185004_r10.json, grad_20260404_184709_r9.json, grad_20260404_184416_r8.json | 进度: 无进度
[2026-04-04 19:09] ✅ 第548次检查 | 4工位: BNB_COIN/1h, BTC/1h, BTC/1h, BTC/1h | 内存: 12.2/24.5GB | 毕业生: 253个 | 🎓 新毕业: grad_20260404_190423_r15.json, grad_20260404_190131_r14.json, grad_20260404_185841_r13.json | 进度: 无进度
[2026-04-04 19:24] ✅ 第549次检查 | 4工位: BNB_COIN/1h, BTC/1h, BTC/1h, BTC/1h | 内存: 13.6/24.5GB | 毕业生: 257个 | 🎓 新毕业: grad_20260404_192138_r21.json, grad_20260404_191853_r20.json, grad_20260404_191602_r19.json | 进度: 无进度
[2026-04-04 19:40] ✅ 第550次检查 | 4工位: BNB_COIN/1h, BTC/1h, BTC/1h, BTC_COIN/1h | 内存: 13.3/24.5GB | 毕业生: 262个 | 🎓 新毕业: grad_20260404_193539_r26.json, grad_20260404_193250_r25.json, grad_20260404_193004_r24.json | 进度: 无进度
[2026-04-04 19:55] ✅ 第551次检查 | 4工位: BNB_COIN/1h, BTC/1h, BTC/1h, BTC_COIN/1h | 内存: 13.4/24.5GB | 毕业生: 268个 | 🎓 新毕业: grad_20260404_195024_r34.json, grad_20260404_195004_r31.json, grad_20260404_194708_r30.json | 进度: 无进度
[2026-04-04 20:10] ✅ 第552次检查 | 4工位: BNB_COIN/1h, BTC/1h, BTC/1h, BTC_COIN/1h | 内存: 13.4/24.5GB | 毕业生: 274个 | 🎓 新毕业: grad_20260404_200520_r36.json, grad_20260404_200222_r35.json, grad_20260404_195926_r34.json | 进度: 无进度
[2026-04-04 20:25] ✅ 第553次检查 | 4工位: BNB_COIN/1h, BTC/1h, BTC/1h, BTC_COIN/1h | 内存: 13.4/24.5GB | 毕业生: 279个 | 🎓 新毕业: grad_20260404_202056_r41.json, grad_20260404_201749_r40.json, grad_20260404_201434_r39.json | 进度: 无进度
[2026-04-04 20:40] ✅ 第554次检查 | 4工位: BTC/1h, BTC_COIN/1h, BTC_COIN/1h, BTC_COIN/1h | 内存: 8.9/24.5GB | 毕业生: 286个 | 🎓 新毕业: grad_20260404_203631_r46.json, grad_20260404_203611_r2.json, grad_20260404_203322_r45.json | 进度: 无进度
[2026-04-04 20:55] ✅ 第555次检查 | 4工位: BTC_COIN/1h, BTC_COIN/1h, BTC_COIN/1h, BTC_COIN/1h | 内存: 9.0/24.5GB | 毕业生: 296个 | 🎓 新毕业: grad_20260404_205005_r7.json, grad_20260404_204850_r50.json, grad_20260404_204816_r3.json | 进度: 无进度
[2026-04-04 21:10] ✅ 第556次检查 | 4工位: BTC_COIN/1h, BTC_COIN/1h, BTC_COIN/1h, BTC_COIN/1h | 内存: 9.4/24.5GB | 毕业生: 302个 | 🎓 新毕业: grad_20260404_210455_r12.json, grad_20260404_210401_r5.json, grad_20260404_210156_r11.json | 进度: 无进度
[2026-04-04 21:25] ✅ 第557次检查 | 4工位: BTC_COIN/1h, BTC_COIN/1h, BTC_COIN/1h, BTC_COIN/1h | 内存: 9.4/24.5GB | 毕业生: 312个 | 🎓 新毕业: grad_20260404_212202_r15.json, grad_20260404_212025_r17.json, grad_20260404_211942_r11.json | 进度: 无进度
[2026-04-04 21:40] ✅ 第558次检查 | 4工位: BTC_COIN/1h, BTC_COIN/1h, BTC_COIN/1h, BTC_COIN/1h | 内存: 9.4/24.5GB | 毕业生: 318个 | 🎓 新毕业: grad_20260404_213612_r22.json, grad_20260404_213252_r21.json, grad_20260404_212944_r20.json | 进度: 无进度
[2026-04-04 21:55] ✅ 第559次检查 | 4工位: BTC_COIN/1h, BTC_COIN/1h, BTC_COIN/1h, BTC_COIN/1h | 内存: 6.5/24.5GB | 毕业生: 324个 | 🎓 新毕业: grad_20260404_215203_r27.json, grad_20260404_214857_r26.json, grad_20260404_214546_r25.json | 进度: 无进度
[2026-04-04 22:10] ✅ 第560次检查 | 4工位: BTC_COIN/1h, BTC_COIN/1h, BTC_COIN/1h, BTC_COIN/1h | 内存: 10.4/24.5GB | 毕业生: 329个 | 🎓 新毕业: grad_20260404_220427_r31.json, grad_20260404_220121_r30.json, grad_20260404_215910_r27.json | 进度: 无进度
[2026-04-04 22:25] ✅ 第561次检查 | 4工位: BTC_COIN/1h, BTC_COIN/1h, BTC_COIN/1h, BTC_COIN/1h | 内存: 10.4/24.5GB | 毕业生: 336个 | 🎓 新毕业: grad_20260404_221831_r4.json, grad_20260404_222003_r36.json, grad_20260404_221659_r35.json | 进度: 无进度
[2026-04-04 22:40] ✅ 第562次检查 | 4工位: BTC_COIN/1h, BTC_COIN/1h, BTC_COIN/1h, BTC_COIN/1h | 内存: 10.4/24.5GB | 毕业生: 343个 | 🎓 新毕业: grad_20260404_223530_r41.json, grad_20260404_223356_r38.json, grad_20260404_223225_r40.json | 进度: 无进度
[2026-04-04 22:55] ✅ 第563次检查 | 4工位: BTC_COIN/1h, BTC_COIN/1h, BTC_COIN/1h, BTC_COIN/1h | 内存: 10.4/24.5GB | 毕业生: 348个 | 🎓 新毕业: grad_20260404_225102_r46.json, grad_20260404_224759_r45.json, grad_20260404_224452_r44.json | 进度: 无进度
[2026-04-04 23:10] ✅ 第564次检查 | 4工位: BTC_COIN/1h, BTC_COIN/1h, BTC_COIN/1h, DOT/1h | 内存: 10.2/24.5GB | 毕业生: 354个 | 🎓 新毕业: grad_20260404_230126_r12.json, grad_20260404_230325_r50.json, grad_20260404_230020_r49.json | 进度: 无进度
[2026-04-04 23:25] ✅ 第565次检查 | 4工位: BTC_COIN/1h, BTC_COIN/1h, DOT/1h, DOT/1h | 内存: 11.4/24.5GB | 毕业生: 355个 | 🎓 新毕业: grad_20260404_230647_r13.json, grad_20260404_230126_r12.json, grad_20260404_230325_r50.json | 进度: 无进度
[2026-04-04 23:40] ✅ 第566次检查 | 4工位: BTC_COIN/1h, DOT/1h, DOT/1h, DOT/1h | 内存: 12.5/24.5GB | 毕业生: 361个 | 🎓 新毕业: grad_20260404_233724_r3.json, grad_20260404_233516_r6.json, grad_20260404_233430_r2.json | 进度: 无进度
[2026-04-04 23:55] ✅ 第567次检查 | 4工位: BTC_COIN/1h, DOT/1h, DOT/1h, DOT/1h | 内存: 12.5/24.5GB | 毕业生: 362个 | 🎓 新毕业: grad_20260404_235011_r8.json, grad_20260404_234233_r5.json, grad_20260404_233516_r6.json | 进度: 无进度
[2026-04-05 00:10] ✅ 第568次检查 | 4工位: BTC_COIN/1h, DOT/1h, DOT/1h, DOT/1h | 内存: 12.5/24.5GB | 毕业生: 362个 | 进度: 无进度
[2026-04-05 00:25] ✅ 第569次检查 | 4工位: BTC_COIN/1h, DOT/1h, DOT/1h, DOT/1h | 内存: 12.5/24.5GB | 毕业生: 365个 | 🎓 新毕业: grad_20260405_001340_r17.json, grad_20260405_000954_r16.json, grad_20260405_000717_r24.json | 进度: 无进度
[2026-04-05 00:40] ✅ 第570次检查 | 4工位: BTC_COIN/1h, DOT/1h, DOT/1h, DOT/1h | 内存: 12.5/24.5GB | 毕业生: 366个 | 🎓 新毕业: grad_20260405_003427_r25.json, grad_20260405_001340_r17.json, grad_20260405_000954_r16.json | 进度: 无进度
[2026-04-05 00:55] ✅ 第571次检查 | 4工位: BTC_COIN/1h, DOT/1h, DOT/1h, DOT/1h | 内存: 12.5/24.5GB | 毕业生: 368个 | 🎓 新毕业: grad_20260405_005009_r31.json, grad_20260405_004218_r28.json, grad_20260405_003427_r25.json | 进度: 无进度
[2026-04-05 01:10] ✅ 第572次检查 | 4工位: BTC_COIN/1h, DOT/1h, DOT/1h, DOT/1h | 内存: 12.5/24.5GB | 毕业生: 370个 | 🎓 新毕业: grad_20260405_010601_r37.json, grad_20260405_010327_r36.json, grad_20260405_005009_r31.json | 进度: 无进度
[2026-04-05 01:25] ✅ 第573次检查 | 4工位: BTC_COIN/1h, DOT/1h, DOT/1h, DOT/1h | 内存: 12.5/24.5GB | 毕业生: 371个 | 🎓 新毕业: grad_20260405_011339_r40.json, grad_20260405_010601_r37.json, grad_20260405_010327_r36.json | 进度: 无进度
[2026-04-05 01:40] ✅ 第574次检查 | 4工位: BTC_COIN/1h, DOT/1h, DOT/1h, DOT/1h | 内存: 12.3/24.5GB | 毕业生: 376个 | 🎓 新毕业: grad_20260405_013722_r49.json, grad_20260405_013537_r2.json, grad_20260405_013451_r48.json | 进度: 无进度
[2026-04-05 01:55] ✅ 第575次检查 | 4工位: BTC_COIN/1h, DOT/1h, DOT/1h, DOT/1h | 内存: 14.0/24.5GB | 毕业生: 378个 | 🎓 新毕业: grad_20260405_014343_r6.json, grad_20260405_013951_r50.json, grad_20260405_013947_r4.json | 进度: 无进度
[2026-04-05 02:10] ✅ 第576次检查 | 4工位: BTC_COIN/1h, DOT/1h, DOT/1h, ETH/1h | 内存: 12.7/24.5GB | 毕业生: 381个 | 🎓 新毕业: grad_20260405_020259_r3.json, grad_20260405_015603_r2.json, grad_20260405_014229_r1.json | 进度: 无进度
[2026-04-05 02:25] ✅ 第577次检查 | 4工位: BTC_COIN/1h, DOT/1h, DOT/1h, ETH/1h | 内存: 12.9/24.5GB | 毕业生: 386个 | 🎓 新毕业: grad_20260405_022218_r25.json, grad_20260405_022018_r24.json, grad_20260405_021538_r5.json | 进度: 无进度
[2026-04-05 02:40] ✅ 第578次检查 | 4工位: DOT/1h, DOT/1h, ETH/1h, ETH/1h | 内存: 10.8/24.5GB | 毕业生: 390个 | 🎓 新毕业: grad_20260405_023658_r32.json, grad_20260405_022826_r7.json, grad_20260405_022754_r2.json | 进度: 无进度
[2026-04-05 02:55] ✅ 第579次检查 | 4工位: DOT/1h, DOT/1h, ETH/1h, ETH/1h | 内存: 11.1/24.5GB | 毕业生: 397个 | 🎓 新毕业: grad_20260405_024840_r10.json, grad_20260405_025257_r7.json, grad_20260405_024151_r9.json | 进度: 无进度
[2026-04-05 02:10] ✅ 第580次检查 | 4工位: DOT/1h, DOT/1h, ETH/1h, ETH/1h | 内存: 11.1/24.5GB | 毕业生: 400个 | 🎓 新毕业: grad_20260405_024840_r10.json, grad_20260405_025257_r7.json, grad_20260405_024151_r9.json | 进度: 无进度
[2026-04-05 02:25] ✅ 第581次检查 | 4工位: DOT/1h, ETH/1h, ETH/1h, ETH/1h | 内存: 12.2/24.5GB | 毕业生: 403个 | 🎓 新毕业: grad_20260405_024840_r10.json, grad_20260405_025257_r7.json, grad_20260405_024151_r9.json | 进度: 无进度
[2026-04-05 02:40] ✅ 第582次检查 | 4工位: DOT/1h, ETH/1h, ETH/1h, ETH/1h | 内存: 12.3/24.5GB | 毕业生: 410个 | 🎓 新毕业: grad_20260405_024840_r10.json, grad_20260405_025257_r7.json, grad_20260405_024151_r9.json | 进度: 无进度
[2026-04-05 02:56] ✅ 第583次检查 | 4工位: DOT/1h, ETH/1h, ETH/1h, ETH/1h | 内存: 12.3/24.5GB | 毕业生: 412个 | 🎓 新毕业: grad_20260405_024840_r10.json, grad_20260405_025257_r7.json, grad_20260405_024418_r18.json | 进度: 无进度
[2026-04-05 03:11] ✅ 第584次检查 | 4工位: DOT/1h, ETH/1h, ETH/1h, ETH/1h | 内存: 12.3/24.5GB | 毕业生: 415个 | 🎓 新毕业: grad_20260405_030355_r17.json, grad_20260405_025833_r20.json, grad_20260405_025127_r19.json | 进度: 无进度
[2026-04-05 03:26] ✅ 第585次检查 | 4工位: DOT/1h, ETH/1h, ETH/1h, ETH/1h | 内存: 12.3/24.5GB | 毕业生: 419个 | 🎓 新毕业: grad_20260405_031850_r23.json, grad_20260405_031211_r22.json, grad_20260405_031217_r20.json | 进度: 无进度
[2026-04-05 03:41] ✅ 第586次检查 | 4工位: DOT/1h, ETH/1h, ETH/1h, ETH/1h | 内存: 12.3/24.5GB | 毕业生: 421个 | 🎓 新毕业: grad_20260405_033238_r25.json, grad_20260405_032545_r24.json, grad_20260405_031850_r23.json | 进度: 无进度
[2026-04-05 03:56] ✅ 第587次检查 | 4工位: ETH/1h, DOT/1h, ETH/1h, ETH/1h | 内存: 14.2/24.5GB | 毕业生: 424个 | 🎓 新毕业: grad_20260405_034612_r27.json, grad_20260405_034337_r31.json, grad_20260405_033921_r26.json | 进度: 无进度
[2026-04-05 04:11] ✅ 第588次检查 | 4工位: ETH_COIN/1h, ETH_COIN/1h, DOT/1h, ETH/1h | 内存: 12.2/24.5GB | 毕业生: 428个 | 🎓 新毕业: grad_20260405_040827_r40.json, grad_20260405_035757_r1.json, grad_20260405_040018_r29.json | 进度: 无进度
[2026-04-05 04:26] ✅ 第589次检查 | 4工位: ETH_COIN/1h, ETH_COIN/1h, DOT/1h, ETH/1h | 内存: 12.5/24.5GB | 毕业生: 437个 | 🎓 新毕业: grad_20260405_042152_r6.json, grad_20260405_041449_r31.json, grad_20260405_042021_r5.json | 进度: 无进度
[2026-04-05 04:41] ✅ 第590次检查 | 4工位: ETH_COIN/1h, ETH_COIN/1h, DOT/1h, ETH/1h | 内存: 12.6/24.5GB | 毕业生: 442个 | 🎓 新毕业: grad_20260405_043124_r33.json, grad_20260405_043507_r10.json, grad_20260405_043203_r9.json | 进度: 无进度
[2026-04-05 04:56] ✅ 第591次检查 | 4工位: ETH_COIN/1h, ETH_COIN/1h, ETH_COIN/1h, DOT/1h | 内存: 12.5/24.5GB | 毕业生: 448个 | 🎓 新毕业: grad_20260405_045159_r19.json, grad_20260405_044614_r35.json, grad_20260405_044942_r2.json | 进度: 无进度
[2026-04-05 05:11] ✅ 第592次检查 | 4工位: ETH_COIN/1h, ETH_COIN/1h, ETH_COIN/1h, DOT/1h | 内存: 12.5/24.5GB | 毕业生: 452个 | 🎓 新毕业: grad_20260405_050640_r19.json, grad_20260405_045437_r36.json, grad_20260405_045729_r4.json | 进度: 无进度
[2026-04-05 05:26] ✅ 第593次检查 | 4工位: ETH_COIN/1h, ETH_COIN/1h, ETH_COIN/1h, DOT/1h | 内存: 12.5/24.5GB | 毕业生: 456个 | 🎓 新毕业: grad_20260405_051232_r38.json, grad_20260405_051426_r21.json, grad_20260405_051401_r27.json | 进度: 无进度
[2026-04-05 05:41] ✅ 第594次检查 | 4工位: ETH_COIN/1h, ETH_COIN/1h, ETH_COIN/1h, DOT/1h | 内存: 12.5/24.5GB | 毕业生: 461个 | 🎓 新毕业: grad_20260405_053743_r37.json, grad_20260405_053531_r15.json, grad_20260405_052901_r40.json | 进度: 无进度
[2026-04-05 05:56] ✅ 第595次检查 | 4工位: ETH_COIN/1h, ETH_COIN/1h, ETH_COIN/1h, DOT/1h | 内存: 12.5/24.5GB | 毕业生: 465个 | 🎓 新毕业: grad_20260405_054519_r42.json, grad_20260405_054242_r39.json, grad_20260405_053703_r41.json | 进度: 无进度
[2026-04-05 06:11] ✅ 第596次检查 | 4工位: ETH_COIN/1h, ETH_COIN/1h, ETH_COIN/1h, DOT/1h | 内存: 12.5/24.5GB | 毕业生: 470个 | 🎓 新毕业: grad_20260405_060118_r44.json, grad_20260405_060032_r46.json, grad_20260405_055814_r22.json | 进度: 无进度
[2026-04-05 06:26] ✅ 第597次检查 | 4工位: ETH_COIN/1h, ETH_COIN/1h, ETH_COIN/1h, DOT/1h | 内存: 12.3/24.5GB | 毕业生: 476个 | 🎓 新毕业: grad_20260405_061826_r46.json, grad_20260405_062420_r4.json, grad_20260405_061754_r28.json | 进度: 无进度
[2026-04-05 06:41] ✅ 第598次检查 | 4工位: ETH_COIN/1h, ETH_COIN/1h, ETH_COIN/1h, DOT/1h | 内存: 12.3/24.5GB | 毕业生: 479个 | 🎓 新毕业: grad_20260405_062653_r47.json, grad_20260405_062746_r31.json, grad_20260405_062610_r5.json | 进度: 无进度
[2026-04-05 06:56] ✅ 第599次检查 | 4工位: ETH_COIN/1h, ETH_COIN/1h, ETH_COIN/1h, DOT/1h | 内存: 11.2/24.5GB | 毕业生: 484个 | 🎓 新毕业: grad_20260405_065405_r20.json, grad_20260405_065219_r19.json, grad_20260405_065032_r18.json | 进度: 无进度
[2026-04-05 07:11] ✅ 第600次检查 | 4工位: ETH_COIN/1h, ETH_COIN/1h, ETH_COIN/1h, LINK/1h | 内存: 12.8/24.5GB | 毕业生: 488个 | 🎓 新毕业: grad_20260405_070422_r2.json, grad_20260405_070454_r25.json, grad_20260405_065204_r1.json | 进度: 无进度
[2026-04-05 07:26] ✅ 第601次检查 | 4工位: ETH_COIN/1h, ETH_COIN/1h, ETH_COIN/1h, LINK/1h | 内存: 13.4/24.5GB | 毕业生: 494个 | 🎓 新毕业: grad_20260405_072058_r5.json, grad_20260405_071946_r3.json, grad_20260405_071538_r4.json | 进度: 无进度
[2026-04-05 07:41] ✅ 第602次检查 | 4工位: ETH_COIN/1h, ETH_COIN/1h, LINK/1h, LINK/1h | 内存: 12.9/24.5GB | 毕业生: 496个 | 🎓 新毕业: grad_20260405_073225_r7.json, grad_20260405_072624_r6.json, grad_20260405_072058_r5.json | 进度: 无进度
[2026-04-05 07:56] ✅ 第603次检查 | 4工位: ETH_COIN/1h, ETH_COIN/1h, LINK/1h, LINK/1h | 内存: 13.2/24.5GB | 毕业生: 499个 | 🎓 新毕业: grad_20260405_074943_r10.json, grad_20260405_074351_r9.json, grad_20260405_073815_r8.json | 进度: 无进度
[2026-04-05 08:11] ✅ 第604次检查 | 4工位: ETH_COIN/1h, LINK/1h, LINK/1h, LINK/1h | 内存: 14.1/24.5GB | 毕业生: 501个 | 🎓 新毕业: grad_20260405_080224_r12.json, grad_20260405_075600_r11.json, grad_20260405_074943_r10.json | 进度: 无进度
[2026-04-05 08:26] ✅ 第605次检查 | 4工位: ETH_COIN/1h, LINK/1h, LINK/1h, LINK/1h | 内存: 14.3/24.5GB | 毕业生: 507个 | 🎓 新毕业: grad_20260405_082306_r6.json, grad_20260405_082016_r5.json, grad_20260405_081435_r14.json | 进度: 无进度
[2026-04-05 08:41] ✅ 第606次检查 | 4工位: ETH_COIN/1h, LINK/1h, LINK/1h, LINK/1h | 内存: 14.3/24.5GB | 毕业生: 511个 | 🎓 新毕业: grad_20260405_083446_r17.json, grad_20260405_083013_r17.json, grad_20260405_082744_r16.json | 进度: 无进度
[2026-04-05 08:56] ✅ 第607次检查 | 4工位: ETH_COIN/1h, LINK/1h, LINK/1h, LINK/1h | 内存: 14.3/24.5GB | 毕业生: 513个 | 🎓 新毕业: grad_20260405_084805_r19.json, grad_20260405_084113_r18.json, grad_20260405_083620_r18.json | 进度: 无进度
[2026-04-05 09:11] ✅ 第608次检查 | 4工位: ETH_COIN/1h, LINK/1h, LINK/1h, LINK/1h | 内存: 14.3/24.5GB | 毕业生: 515个 | 🎓 新毕业: grad_20260405_090138_r21.json, grad_20260405_085458_r20.json, grad_20260405_084805_r19.json | 进度: 无进度
[2026-04-05 09:26] ✅ 第609次检查 | 4工位: ETH_COIN/1h, LINK/1h, LINK/1h, LINK/1h | 内存: 14.3/24.5GB | 毕业生: 517个 | 🎓 新毕业: grad_20260405_091527_r23.json, grad_20260405_090817_r22.json, grad_20260405_090138_r21.json | 进度: 无进度
[2026-04-05 09:41] ✅ 第610次检查 | 4工位: ETH_COIN/1h, LINK/1h, LINK/1h, LINK/1h | 内存: 14.3/24.5GB | 毕业生: 520个 | 🎓 新毕业: grad_20260405_092939_r25.json, grad_20260405_093129_r31.json, grad_20260405_092244_r24.json | 进度: 无进度
[2026-04-05 09:56] ✅ 第611次检查 | 4工位: ETH_COIN/1h, LINK/1h, LINK/1h, LINK/1h | 内存: 14.3/24.5GB | 毕业生: 522个 | 🎓 新毕业: grad_20260405_094359_r27.json, grad_20260405_093641_r26.json, grad_20260405_092939_r25.json | 进度: 无进度
[2026-04-05 10:11] ✅ 第612次检查 | 4工位: ETH_COIN/1h, LINK/1h, LINK/1h, LINK/1h | 内存: 14.3/24.5GB | 毕业生: 526个 | 🎓 新毕业: grad_20260405_100456_r30.json, grad_20260405_100705_r44.json, grad_20260405_095754_r29.json | 进度: 无进度
[2026-04-05 10:26] ✅ 第613次检查 | 4工位: ETH_COIN/1h, LINK/1h, LINK/1h, LINK/1h | 内存: 12.9/24.5GB | 毕业生: 529个 | 🎓 新毕业: grad_20260405_101847_r32.json, grad_20260405_101212_r31.json, grad_20260405_100946_r45.json | 进度: 无进度
[2026-04-05 10:41] ✅ 第614次检查 | 4工位: ETH_COIN/1h, LINK/1h, LINK/1h, SOL/1h | 内存: 12.8/24.5GB | 毕业生: 533个 | 🎓 新毕业: grad_20260405_103730_r3.json, grad_20260405_103243_r34.json, grad_20260405_102657_r1.json | 进度: 无进度
[2026-04-05 10:57] ✅ 第615次检查 | 4工位: ETH_COIN/1h, LINK/1h, LINK/1h, SOL/1h | 内存: 15.5/24.5GB | 毕业生: 538个 | 🎓 新毕业: grad_20260405_105147_r2.json, grad_20260405_104533_r36.json, grad_20260405_104021_r1.json | 进度: 无进度
[2026-04-05 11:12] ✅ 第616次检查 | 4工位: ETH_COIN/1h, LINK/1h, LINK/1h, SOL/1h | 内存: 15.5/24.5GB | 毕业生: 540个 | 🎓 新毕业: grad_20260405_105900_r38.json, grad_20260405_105622_r3.json, grad_20260405_105212_r37.json | 进度: 无进度
[2026-04-05 11:27] ✅ 第617次检查 | 4工位: ETH_COIN/1h, LINK/1h, LINK/1h, SOL/1h | 内存: 15.5/24.5GB | 毕业生: 544个 | 🎓 新毕业: grad_20260405_111921_r41.json, grad_20260405_112042_r19.json, grad_20260405_111239_r40.json | 进度: 无进度
[2026-04-05 11:42] ✅ 第618次检查 | 4工位: ETH_COIN/1h, LINK/1h, LINK/1h, SOL/1h | 内存: 15.5/24.5GB | 毕业生: 547个 | 🎓 新毕业: grad_20260405_113246_r43.json, grad_20260405_112605_r42.json, grad_20260405_112707_r21.json | 进度: 无进度
[2026-04-05 11:57] ✅ 第619次检查 | 4工位: ETH_COIN/1h, LINK/1h, LINK/1h, SOL/1h | 内存: 15.5/24.5GB | 毕业生: 550个 | 🎓 新毕业: grad_20260405_114616_r45.json, grad_20260405_114929_r28.json, grad_20260405_113931_r44.json | 进度: 无进度
[2026-04-05 12:12] ✅ 第620次检查 | 4工位: ETH_COIN/1h, LINK/1h, SOL/1h, SOL/1h | 内存: 12.0/24.5GB | 毕业生: 552个 | 🎓 新毕业: grad_20260405_115947_r47.json, grad_20260405_115317_r46.json, grad_20260405_114616_r45.json | 进度: 无进度
[2026-04-05 12:27] ✅ 第621次检查 | 4工位: LINK/1h, SOL/1h, SOL/1h, SOL/1h | 内存: 8.3/24.5GB | 毕业生: 559个 | 🎓 新毕业: grad_20260405_121936_r50.json, grad_20260405_122337_r6.json, grad_20260405_121245_r49.json | 进度: 无进度
[2026-04-05 12:42] ✅ 第622次检查 | 4工位: LINK/1h, SOL/1h, SOL/1h, SOL/1h | 内存: 10.4/24.5GB | 毕业生: 562个 | 🎓 新毕业: grad_20260405_123751_r3.json, grad_20260405_123429_r2.json, grad_20260405_122646_r1.json | 进度: 无进度
[2026-04-05 12:57] ✅ 第623次检查 | 4工位: LINK/1h, SOL/1h, SOL/1h, SOL/1h | 内存: 10.4/24.5GB | 毕业生: 566个 | 🎓 新毕业: grad_20260405_125055_r7.json, grad_20260405_124724_r6.json, grad_20260405_124412_r5.json | 进度: 无进度
[2026-04-05 13:12] ✅ 第624次检查 | 4工位: SOL/1h, SOL/1h, SOL/1h, SOL/1h | 内存: 9.4/24.5GB | 毕业生: 572个 | 🎓 新毕业: grad_20260405_130841_r12.json, grad_20260405_130512_r11.json, grad_20260405_130136_r10.json | 进度: 无进度
[2026-04-05 13:27] ✅ 第625次检查 | 4工位: SOL/1h, SOL/1h, SOL/1h, SOL/1h | 内存: 9.4/24.5GB | 毕业生: 577个 | 🎓 新毕业: grad_20260405_132246_r16.json, grad_20260405_131914_r15.json, grad_20260405_131923_r9.json | 进度: 无进度
[2026-04-05 13:42] ✅ 第626次检查 | 4工位: SOL/1h, SOL/1h, SOL/1h, SOL/1h | 内存: 9.4/24.5GB | 毕业生: 581个 | 🎓 新毕业: grad_20260405_133655_r20.json, grad_20260405_133323_r19.json, grad_20260405_132956_r18.json | 进度: 无进度
[2026-04-05 13:57] ✅ 第627次检查 | 4工位: SOL/1h, SOL/1h, SOL/1h, SOL/1h | 内存: 8.4/24.5GB | 毕业生: 586个 | 🎓 新毕业: grad_20260405_135141_r24.json, grad_20260405_134950_r48.json, grad_20260405_134800_r23.json | 进度: 无进度
[2026-04-05 14:12] ✅ 第628次检查 | 4工位: SOL/1h, SOL/1h, SOL/1h, SOL/1h | 内存: 12.2/24.5GB | 毕业生: 592个 | 🎓 新毕业: grad_20260405_140614_r28.json, grad_20260405_135619_r1.json, grad_20260405_140240_r45.json | 进度: 无进度
[2026-04-05 14:27] ✅ 第629次检查 | 4工位: SOL/1h, SOL/1h, SOL/1h, SOL/1h | 内存: 12.3/24.5GB | 毕业生: 598个 | 🎓 新毕业: grad_20260405_142206_r5.json, grad_20260405_142117_r32.json, grad_20260405_141726_r31.json | 进度: 无进度
[2026-04-05 14:42] ✅ 第630次检查 | 4工位: SOL/1h, SOL/1h, SOL/1h, TRX/1h | 内存: 9.0/24.5GB | 毕业生: 603个 | 🎓 新毕业: grad_20260405_143626_r36.json, grad_20260405_143149_r7.json, grad_20260405_143239_r35.json | 进度: 无进度
[2026-04-05 14:57] ✅ 第631次检查 | 4工位: SOL/1h, SOL/1h, SOL/1h, TRX/1h | 内存: 11.2/24.5GB | 毕业生: 612个 | 🎓 新毕业: grad_20260405_145355_r3.json, grad_20260405_145121_r11.json, grad_20260405_145142_r40.json | 进度: 无进度
[2026-04-05 15:12] ✅ 第632次检查 | 4工位: SOL/1h, SOL/1h, TRX/1h, TRX/1h | 内存: 12.0/24.5GB | 毕业生: 618个 | 🎓 新毕业: grad_20260405_150715_r44.json, grad_20260405_150217_r13.json, grad_20260405_150326_r43.json | 进度: 无进度
[2026-04-05 15:27] ✅ 第633次检查 | 4工位: SOL/1h, SOL/1h, TRX/1h, TRX/1h | 内存: 12.2/24.5GB | 毕业生: 629个 | 🎓 新毕业: grad_20260405_152248_r48.json, grad_20260405_152008_r16.json, grad_20260405_152356_r6.json | 进度: 无进度
[2026-04-05 15:42] ✅ 第634次检查 | 4工位: SOL/1h, TRX/1h, TRX/1h, TRX/1h | 内存: 12.2/24.5GB | 毕业生: 636个 | 🎓 新毕业: grad_20260405_153438_r1.json, grad_20260405_153254_r18.json, grad_20260405_153038_r50.json | 进度: 无进度
[2026-04-05 15:57] ✅ 第635次检查 | 4工位: SOL/1h, TRX/1h, TRX/1h, TRX/1h | 内存: 12.3/24.5GB | 毕业生: 640个 | 🎓 新毕业: grad_20260405_154536_r20.json, grad_20260405_154731_r4.json, grad_20260405_154423_r15.json | 进度: 无进度
[2026-04-05 16:12] ✅ 第636次检查 | 4工位: SOL/1h, TRX/1h, TRX/1h, TRX/1h | 内存: 12.3/24.5GB | 毕业生: 643个 | 🎓 新毕业: grad_20260405_160453_r23.json, grad_20260405_155822_r22.json, grad_20260405_155200_r21.json | 进度: 无进度
[2026-04-05 16:27] ✅ 第637次检查 | 4工位: SOL/1h, TRX/1h, TRX/1h, TRX/1h | 内存: 12.3/24.5GB | 毕业生: 643个 | 进度: 无进度
[2026-04-05 16:42] ✅ 第638次检查 | 4工位: SOL/1h, TRX/1h, TRX/1h, TRX/1h | 内存: 12.3/24.5GB | 毕业生: 643个 | 进度: 无进度
[2026-04-05 16:57] ✅ 第639次检查 | 4工位: SOL/1h, TRX/1h, TRX/1h, TRX/1h | 内存: 12.3/24.5GB | 毕业生: 643个 | 进度: 无进度
[2026-04-05 17:13] ✅ 第640次检查 | 4工位: SOL/1h, TRX/1h, TRX/1h, XRP/1h | 内存: 12.8/24.5GB | 毕业生: 643个 | 进度: 无进度
[2026-04-05 17:28] ✅ 第641次检查 | 4工位: SOL/1h, TRX/1h, XRP/1h, XRP/1h | 内存: 11.7/24.5GB | 毕业生: 643个 | 进度: 无进度
[2026-04-05 17:43] ✅ 第642次检查 | 4工位: SOL/1h, TRX/1h, XRP/1h, XRP/1h | 内存: 12.3/24.5GB | 毕业生: 650个 | 🎓 新毕业: grad_20260405_173926_r5.json, grad_20260405_173643_r4.json, grad_20260405_173355_r3.json | 进度: 无进度
[2026-04-05 17:58] ✅ 第643次检查 | 4工位: SOL/1h, XRP/1h, XRP/1h, XRP/1h | 内存: 12.0/24.5GB | 毕业生: 650个 | 进度: 无进度
[2026-04-05 18:13] ✅ 第644次检查 | 4工位: SOL/1h, XRP/1h, XRP/1h, XRP/1h | 内存: 12.3/24.5GB | 毕业生: 655个 | 🎓 新毕业: grad_20260405_180917_r18.json, grad_20260405_180559_r4.json, grad_20260405_180218_r42.json | 进度: 无进度
[2026-04-05 18:28] ✅ 第645次检查 | 4工位: SOL/1h, XRP/1h, XRP/1h, XRP/1h | 内存: 12.3/24.5GB | 毕业生: 655个 | 进度: 无进度
[2026-04-05 18:43] ✅ 第646次检查 | 4工位: SOL/1h, XRP/1h, XRP/1h, XRP/1h | 内存: 12.3/24.5GB | 毕业生: 657个 | 🎓 新毕业: grad_20260405_183859_r26.json, grad_20260405_183332_r24.json, grad_20260405_180917_r18.json | 进度: 无进度
[2026-04-05 18:58] ✅ 第647次检查 | 4工位: XRP/1h, XRP/1h, XRP/1h, XRP/1h | 内存: 8.0/24.5GB | 毕业生: 660个 | 🎓 新毕业: grad_20260405_185135_r32.json, grad_20260405_185159_r31.json, grad_20260405_184708_r29.json | 进度: 无进度
[2026-04-05 19:13] ✅ 第648次检查 | 4工位: XRP/1h, XRP/1h, XRP/1h, ADA/30m | 内存: 9.9/24.5GB | 毕业生: 661个 | 🎓 新毕业: grad_20260405_185910_r34.json, grad_20260405_185642_r33.json, grad_20260405_185135_r32.json | 进度: 无进度
[2026-04-05 19:28] ✅ 第649次检查 | 4工位: XRP/1h, XRP/1h, XRP/1h, ADA/30m | 内存: 10.2/24.5GB | 毕业生: 661个 | 进度: 无进度
[2026-04-05 19:43] ✅ 第650次检查 | 4工位: XRP/1h, XRP/1h, ADA/30m, ADA/30m | 内存: 11.0/24.5GB | 毕业生: 662个 | 🎓 新毕业: grad_20260405_192019_r1.json, grad_20260405_191533_r40.json, grad_20260405_185910_r34.json | 进度: 无进度
[2026-04-05 19:58] ✅ 第651次检查 | 4工位: XRP/1h, ADA/30m, ADA/30m, ADA/30m | 内存: 11.8/24.5GB | 毕业生: 667个 | 🎓 新毕业: grad_20260405_195345_r2.json, grad_20260405_195101_r5.json, grad_20260405_194104_r1.json | 进度: 无进度
[2026-04-05 20:13] ✅ 第652次检查 | 4工位: XRP/1h, ADA/30m, AVAX/30m, AVAX/30m | 内存: 12.9/24.5GB | 毕业生: 671个 | 🎓 新毕业: grad_20260405_200412_r44.json, grad_20260405_195911_r7.json, grad_20260405_194928_r1.json | 进度: 无进度
[2026-04-05 20:28] ✅ 第653次检查 | 4工位: ADA/30m, AVAX/30m, AVAX/30m, AVAX/30m | 内存: 14.6/24.5GB | 毕业生: 673个 | 🎓 新毕业: grad_20260405_201610_r1.json, grad_20260405_201913_r50.json, grad_20260405_200412_r44.json | 进度: 无进度
[2026-04-05 20:43] ✅ 第654次检查 | 4工位: ADA/30m, AVAX/30m, AVAX/30m, BNB/30m | 内存: 11.2/24.5GB | 毕业生: 675个 | 🎓 新毕业: grad_20260405_203019_r2.json, grad_20260405_202824_r2.json, grad_20260405_201610_r1.json | 进度: 无进度
[2026-04-05 20:58] ✅ 第655次检查 | 4工位: ADA/30m, AVAX/30m, AVAX/30m, BNB/30m | 内存: 12.7/24.5GB | 毕业生: 676个 | 🎓 新毕业: grad_20260405_203908_r16.json, grad_20260405_203019_r2.json, grad_20260405_202824_r2.json | 进度: 无进度
[2026-04-05 21:13] ✅ 第656次检查 | 4工位: ADA/30m, AVAX/30m, AVAX/30m, BNB/30m | 内存: 14.9/24.5GB | 毕业生: 678个 | 🎓 新毕业: grad_20260405_205202_r1.json, grad_20260405_205558_r9.json, grad_20260405_203908_r16.json | 进度: 无进度
[2026-04-05 21:28] ✅ 第657次检查 | 4工位: ADA/30m, AVAX/30m, AVAX/30m, BNB/30m | 内存: 15.0/24.5GB | 毕业生: 681个 | 🎓 新毕业: grad_20260405_212227_r16.json, grad_20260405_211831_r15.json, grad_20260405_211537_r3.json | 进度: 无进度
[2026-04-05 21:43] ✅ 第658次检查 | 4工位: ADA/30m, AVAX/30m, AVAX/30m, BNB/30m | 内存: 15.0/24.5GB | 毕业生: 683个 | 🎓 新毕业: grad_20260405_213917_r25.json, grad_20260405_213008_r27.json, grad_20260405_212913_r22.json | 进度: 无进度
[2026-04-05 21:58] ✅ 第659次检查 | 4工位: ADA/30m, AVAX/30m, AVAX/30m, BNB/30m | 内存: 15.0/24.5GB | 毕业生: 683个 | 进度: 无进度
[2026-04-05 22:13] ✅ 第660次检查 | 4工位: ADA/30m, AVAX/30m, AVAX/30m, BNB/30m | 内存: 15.0/24.5GB | 毕业生: 683个 | 进度: 无进度
[2026-04-05 22:28] ✅ 第661次检查 | 4工位: ADA/30m, AVAX/30m, AVAX/30m, BNB/30m | 内存: 15.0/24.5GB | 毕业生: 684个 | 🎓 新毕业: grad_20260405_222244_r38.json, grad_20260405_222140_r30.json, grad_20260405_213917_r25.json | 进度: 无进度
[2026-04-05 22:43] ✅ 第662次检查 | 4工位: ADA/30m, AVAX/30m, AVAX/30m, BNB/30m | 内存: 15.0/24.5GB | 毕业生: 689个 | 🎓 新毕业: grad_20260405_223908_r34.json, grad_20260405_223332_r16.json, grad_20260405_223449_r33.json | 进度: 无进度
[2026-04-05 22:58] ✅ 第663次检查 | 4工位: ADA/30m, AVAX/30m, AVAX/30m, BNB/30m | 内存: 15.0/24.5GB | 毕业生: 693个 | 🎓 新毕业: grad_20260405_225342_r44.json, grad_20260405_225216_r37.json, grad_20260405_224758_r36.json | 进度: 无进度
[2026-04-05 23:14] ✅ 第664次检查 | 4工位: ADA/30m, AVAX/30m, AVAX/30m, BNB/30m | 内存: 15.0/24.5GB | 毕业生: 698个 | 🎓 新毕业: grad_20260405_230518_r40.json, grad_20260405_230201_r46.json, grad_20260405_230058_r39.json | 进度: 无进度
[2026-04-05 23:29] ✅ 第665次检查 | 4工位: AVAX/30m, BNB/30m, BNB/30m, BNB/30m | 内存: 13.9/24.5GB | 毕业生: 699个 | 🎓 新毕业: grad_20260405_231836_r43.json, grad_20260405_230518_r40.json, grad_20260405_230201_r46.json | 进度: 无进度
[2026-04-05 23:44] ✅ 第666次检查 | 4工位: AVAX/30m, BNB/30m, BNB/30m, BNB_COIN/30m | 内存: 13.7/24.5GB | 毕业生: 702个 | 🎓 新毕业: grad_20260405_234020_r3.json, grad_20260405_232427_r1.json, grad_20260405_232952_r25.json | 进度: 无进度
[2026-04-05 23:59] ✅ 第667次检查 | 4工位: BNB/30m, BNB/30m, BNB_COIN/30m, BNB_COIN/30m | 内存: 14.1/24.5GB | 毕业生: 703个 | 🎓 新毕业: grad_20260405_234332_r4.json, grad_20260405_234020_r3.json, grad_20260405_232427_r1.json | 进度: 无进度
[2026-04-06 00:14] ✅ 第668次检查 | 4工位: BNB/30m, BNB_COIN/30m, BNB_COIN/30m, BNB_COIN/30m | 内存: 11.8/24.5GB | 毕业生: 707个 | 🎓 新毕业: grad_20260406_000557_r1.json, grad_20260406_001017_r4.json, grad_20260405_235509_r1.json | 进度: 无进度
[2026-04-06 00:29] ✅ 第669次检查 | 4工位: BNB/30m, BNB_COIN/30m, BNB_COIN/30m, BTC/30m | 内存: 14.8/24.5GB | 毕业生: 712个 | 🎓 新毕业: grad_20260406_001856_r33.json, grad_20260406_001840_r4.json, grad_20260406_001657_r6.json | 进度: 无进度
[2026-04-06 00:44] ✅ 第670次检查 | 4工位: BNB/30m, BNB_COIN/30m, BNB_COIN/30m, BTC/30m | 内存: 14.8/24.5GB | 毕业生: 712个 | 进度: 无进度
[2026-04-06 00:59] ✅ 第671次检查 | 4工位: BNB/30m, BNB_COIN/30m, BNB_COIN/30m, BTC/30m | 内存: 15.4/24.5GB | 毕业生: 714个 | 🎓 新毕业: grad_20260406_004454_r15.json, grad_20260406_004100_r37.json, grad_20260406_004007_r13.json | 进度: 无进度
[2026-04-06 01:14] ✅ 第672次检查 | 4工位: BNB/30m, BNB_COIN/30m, BNB_COIN/30m, BTC/30m | 内存: 15.5/24.5GB | 毕业生: 715个 | 🎓 新毕业: grad_20260406_010535_r23.json, grad_20260406_004454_r15.json, grad_20260406_004100_r37.json | 进度: 无进度
[2026-04-06 01:29] ✅ 第673次检查 | 4工位: BNB/30m, BNB_COIN/30m, BNB_COIN/30m, BTC/30m | 内存: 15.5/24.5GB | 毕业生: 716个 | 🎓 新毕业: grad_20260406_012344_r25.json, grad_20260406_010535_r23.json, grad_20260406_004454_r15.json | 进度: 无进度
[2026-04-06 01:44] ✅ 第674次检查 | 4工位: BNB/30m, BNB_COIN/30m, BNB_COIN/30m, BTC/30m | 内存: 15.5/24.5GB | 毕业生: 718个 | 🎓 新毕业: grad_20260406_013339_r11.json, grad_20260406_012755_r10.json, grad_20260406_012344_r25.json | 进度: 无进度
[2026-04-06 01:59] ✅ 第675次检查 | 4工位: BNB/30m, BNB_COIN/30m, BNB_COIN/30m, BTC/30m | 内存: 15.5/24.5GB | 毕业生: 721个 | 🎓 新毕业: grad_20260406_014941_r14.json, grad_20260406_014448_r13.json, grad_20260406_013915_r12.json | 进度: 无进度
[2026-04-06 02:14] ✅ 第676次检查 | 4工位: BNB_COIN/30m, BNB_COIN/30m, BTC/30m, BTC/30m | 内存: 13.4/24.5GB | 毕业生: 724个 | 🎓 新毕业: grad_20260406_020155_r50.json, grad_20260406_020016_r16.json, grad_20260406_015455_r15.json | 进度: 无进度
[2026-04-06 02:29] ✅ 第677次检查 | 4工位: BNB_COIN/30m, BTC/30m, BTC/30m, BTC/30m | 内存: 14.8/24.5GB | 毕业生: 725个 | 🎓 新毕业: grad_20260406_020835_r1.json, grad_20260406_020155_r50.json, grad_20260406_020016_r16.json | 进度: 无进度
[2026-04-06 02:44] ✅ 第678次检查 | 4工位: BNB_COIN/30m, BTC/30m, BTC/30m, BTC/30m | 内存: 14.9/24.5GB | 毕业生: 727个 | 🎓 新毕业: grad_20260406_022517_r1.json, grad_20260406_023309_r4.json, grad_20260406_020835_r1.json | 进度: 无进度
[2026-04-06 02:59] ✅ 第679次检查 | 4工位: BTC/30m, BTC/30m, BTC_COIN/30m, BTC_COIN/30m | 内存: 14.9/24.5GB | 毕业生: 727个 | 进度: 无进度
[2026-04-06 03:14] ✅ 第680次检查 | 4工位: BTC/30m, BTC/30m, BTC_COIN/30m, BTC_COIN/30m | 内存: 17.3/24.5GB | 毕业生: 727个 | 进度: 无进度
[2026-04-06 03:29] ✅ 第681次检查 | 4工位: BTC/30m, BTC/30m, BTC_COIN/30m, BTC_COIN/30m | 内存: 15.5/24.5GB | 毕业生: 729个 | 🎓 新毕业: grad_20260406_031955_r1.json, grad_20260406_030220_r1.json, grad_20260406_022517_r1.json | 进度: 无进度
[2026-04-06 03:44] ✅ 第682次检查 | 4工位: BTC/30m, BTC_COIN/30m, BTC_COIN/30m, BTC_COIN/30m | 内存: 11.9/24.5GB | 毕业生: 735个 | 🎓 新毕业: grad_20260406_034211_r7.json, grad_20260406_034100_r14.json, grad_20260406_033826_r13.json | 进度: 无进度
[2026-04-06 03:59] ✅ 第683次检查 | 4工位: BTC/30m, BTC_COIN/30m, BTC_COIN/30m, DOT/30m | 内存: 14.3/24.5GB | 毕业生: 736个 | 🎓 新毕业: grad_20260406_034331_r15.json, grad_20260406_034211_r7.json, grad_20260406_034100_r14.json | 进度: 无进度
[2026-04-06 04:14] ✅ 第684次检查 | 4工位: BTC/30m, BTC_COIN/30m, BTC_COIN/30m, DOT/30m | 内存: 14.0/24.5GB | 毕业生: 737个 | 🎓 新毕业: grad_20260406_041223_r20.json, grad_20260406_034331_r15.json, grad_20260406_034211_r7.json | 进度: 无进度
[2026-04-06 04:29] ✅ 第685次检查 | 4工位: BTC/30m, BTC_COIN/30m, BTC_COIN/30m, DOT/30m | 内存: 14.1/24.5GB | 毕业生: 738个 | 🎓 新毕业: grad_20260406_042744_r27.json, grad_20260406_041647_r22.json, grad_20260406_034331_r15.json | 进度: 无进度
[2026-04-06 04:44] ✅ 第686次检查 | 4工位: BTC_COIN/30m, BTC_COIN/30m, DOT/30m, DOT/30m | 内存: 11.5/24.5GB | 毕业生: 739个 | 🎓 新毕业: grad_20260406_044040_r40.json, grad_20260406_042951_r28.json, grad_20260406_041647_r22.json | 进度: 无进度
[2026-04-06 04:59] ✅ 第687次检查 | 4工位: BTC_COIN/30m, BTC_COIN/30m, DOT/30m, DOT/30m | 内存: 11.7/24.5GB | 毕业生: 740个 | 🎓 新毕业: grad_20260406_044129_r1.json, grad_20260406_044040_r40.json, grad_20260406_042951_r28.json | 进度: 无进度
[2026-04-06 05:14] ✅ 第688次检查 | 4工位: BTC_COIN/30m, DOT/30m, DOT/30m, DOT/30m | 内存: 13.7/24.5GB | 毕业生: 742个 | 🎓 新毕业: grad_20260406_051135_r6.json, grad_20260406_050901_r5.json, grad_20260406_044129_r1.json | 进度: 无进度
[2026-04-06 05:29] ✅ 第689次检查 | 4工位: DOT/30m, DOT/30m, ETH/30m, ETH/30m | 内存: 10.5/24.5GB | 毕业生: 744个 | 🎓 新毕业: grad_20260406_052245_r10.json, grad_20260406_051419_r7.json, grad_20260406_051135_r6.json | 进度: 无进度
[2026-04-06 05:44] ✅ 第690次检查 | 4工位: DOT/30m, DOT/30m, ETH/30m, ETH/30m | 内存: 15.5/24.5GB | 毕业生: 745个 | 🎓 新毕业: grad_20260406_052559_r1.json, grad_20260406_052245_r10.json, grad_20260406_051419_r7.json | 进度: 无进度
[2026-04-06 06:00] ✅ 第691次检查 | 4工位: DOT/30m, DOT/30m, ETH/30m, ETH/30m | 内存: 15.6/24.5GB | 毕业生: 747个 | 🎓 新毕业: grad_20260406_055153_r6.json, grad_20260406_054216_r3.json, grad_20260406_052559_r1.json | 进度: 无进度
[2026-04-06 06:15] ✅ 第692次检查 | 4工位: DOT/30m, DOT/30m, ETH/30m, ETH/30m | 内存: 15.6/24.5GB | 毕业生: 747个 | 进度: 无进度
[2026-04-06 06:30] ✅ 第693次检查 | 4工位: DOT/30m, DOT/30m, ETH/30m, ETH/30m | 内存: 15.6/24.5GB | 毕业生: 747个 | 进度: 无进度
[2026-04-06 06:45] ✅ 第694次检查 | 4工位: DOT/30m, ETH/30m, ETH/30m, ETH/30m | 内存: 12.9/24.5GB | 毕业生: 749个 | 🎓 新毕业: grad_20260406_063400_r1.json, grad_20260406_064008_r21.json, grad_20260406_055153_r6.json | 进度: 无进度
[2026-04-06 07:00] ✅ 第695次检查 | 4工位: DOT/30m, ETH/30m, ETH/30m, ETH_COIN/30m | 内存: 16.4/24.5GB | 毕业生: 749个 | 进度: 无进度
[2026-04-06 07:15] ✅ 第696次检查 | 4工位: DOT/30m, ETH/30m, ETH/30m, ETH_COIN/30m | 内存: 15.6/24.5GB | 毕业生: 752个 | 🎓 新毕业: grad_20260406_071049_r2.json, grad_20260406_070212_r1.json, grad_20260406_070116_r45.json | 进度: 无进度
[2026-04-06 07:30] ✅ 第697次检查 | 4工位: ETH/30m, ETH/30m, ETH_COIN/30m, ETH_COIN/30m | 内存: 13.1/24.5GB | 毕业生: 754个 | 🎓 新毕业: grad_20260406_072710_r2.json, grad_20260406_071730_r1.json, grad_20260406_071049_r2.json | 进度: 无进度
[2026-04-06 07:45] ✅ 第698次检查 | 4工位: ETH/30m, ETH/30m, ETH_COIN/30m, ETH_COIN/30m | 内存: 15.6/24.5GB | 毕业生: 757个 | 🎓 新毕业: grad_20260406_074124_r45.json, grad_20260406_073840_r3.json, grad_20260406_073003_r1.json | 进度: 无进度
[2026-04-06 08:00] ⚠️ 调度器挂了！自动重启（第1次）...
[2026-04-06 08:00] ⚠️ 第699次检查 | 3工位: ETH/30m, ETH_COIN/30m, ETH_COIN/30m | 内存: 11.0/24.5GB | 毕业生: 760个 | 🎓 新毕业: grad_20260406_074813_r8.json, grad_20260406_074610_r7.json, grad_20260406_074411_r6.json | 🔧 干预: 自动重启，新PID=SSH超时，累计重启3次 | 进度: 无进度
[2026-04-06 08:15] ✅ 第700次检查 | 4工位: ETH/1h, ETH/1h, LINK/1h, LINK/1h | 内存: 7.6/24.5GB | 毕业生: 764个 | 🎓 新毕业: grad_20260406_080809_r101.json, grad_20260406_080033_r164734.json, grad_20260406_080026_r123.json | 进度: 无进度
[2026-04-06 08:30] ✅ 第701次检查 | 4工位: BNB/30m, BNB/30m, BNB_COIN/30m, BNB_COIN/30m | 内存: 13.1/24.5GB | 毕业生: 767个 | 🎓 新毕业: grad_20260405_233113_r50.json, grad_20260405_104011_r50.json, grad_20260406_081425_r101.json | 进度: 无进度
[2026-04-06 08:45] ✅ 第702次检查 | 4工位: ETH_COIN/30m, ETH_COIN/30m, LINK/30m, LINK/30m | 内存: 8.3/24.5GB | 毕业生: 767个 | 进度: 无进度
[2026-04-06 09:00] ✅ 第703次检查 | 4工位: LINK/30m, LINK/30m, LINK/30m, SOL/30m | 内存: 14.6/24.5GB | 毕业生: 769个 | 🎓 新毕业: grad_20260406_084833_r1.json, grad_20260406_084512_r1.json, grad_20260405_233113_r50.json | 进度: 无进度
[2026-04-06 09:15] ✅ 第704次检查 | 4工位: SOL/30m, SOL/30m, SOL/30m, SOL/30m | 内存: 14.2/24.5GB | 毕业生: 778个 | 🎓 新毕业: grad_20260406_090642_r1.json, grad_20260406_090403_r1.json, grad_20260406_090238_r3.json | 进度: 无进度
[2026-04-06 09:31] ✅ 第705次检查 | 4工位: TRX/30m, TRX/30m, TRX/30m, XRP/30m | 内存: 13.7/24.5GB | 毕业生: 782个 | 🎓 新毕业: grad_20260406_091833_r1.json, grad_20260406_091613_r3.json, grad_20260406_090624_r1.json | 进度: 无进度
[2026-04-06 09:46] ✅ 第706次检查 | 4工位: XRP/30m, XRP/30m, XRP/30m, XRP/30m | 内存: 17.5/24.5GB | 毕业生: 783个 | 🎓 新毕业: grad_20260406_093030_r2.json, grad_20260406_091833_r1.json, grad_20260406_091613_r3.json | 进度: 无进度
[2026-04-06 10:01] ✅ 第707次检查 | 4工位: ADA/15m, ADA/15m, ADA/15m, AVAX/15m | 内存: 10.9/24.5GB | 毕业生: 786个 | 🎓 新毕业: grad_20260406_094722_r2.json, grad_20260406_093427_r1.json, grad_20260406_093527_r1.json | 进度: 无进度
[2026-04-06 10:16] ✅ 第708次检查 | 4工位: AVAX/15m, AVAX/15m, BNB/15m, BNB/15m | 内存: 9.7/24.5GB | 毕业生: 791个 | 🎓 新毕业: grad_20260406_101226_r2.json, grad_20260406_100342_r1.json, grad_20260406_100442_r1.json | 进度: 无进度
[2026-04-06 10:31] ✅ 第709次检查 | 4工位: BNB_COIN/15m, BNB_COIN/15m, BNB_COIN/15m, BNB_COIN/15m | 内存: 8.6/24.5GB | 毕业生: 795个 | 🎓 新毕业: grad_20260406_102351_r2.json, grad_20260406_101436_r1.json, grad_20260406_101508_r3.json | 进度: 无进度
[2026-04-06 10:46] ✅ 第710次检查 | 4工位: BTC/15m, BTC/15m, BTC/15m, BTC/15m | 内存: 9.5/24.5GB | 毕业生: 795个 | 进度: 无进度
[2026-04-06 11:01] ✅ 第711次检查 | 4工位: BTC_COIN/15m, BTC_COIN/15m, BTC_COIN/15m, BTC_COIN/15m | 内存: 13.1/24.5GB | 毕业生: 797个 | 🎓 新毕业: grad_20260406_105037_r3.json, grad_20260406_104847_r2.json, grad_20260406_102351_r2.json | 进度: 无进度
[2026-04-06 11:16] ✅ 第712次检查 | 4工位: DOT/15m, DOT/15m, DOT/15m, ETH/15m | 内存: 11.1/24.5GB | 毕业生: 802个 | 🎓 新毕业: grad_20260406_110525_r1.json, grad_20260406_110352_r3.json, grad_20260406_110131_r2.json | 进度: 无进度
[2026-04-06 11:31] ✅ 第713次检查 | 4工位: ETH/15m, ETH_COIN/15m, ETH_COIN/15m, ETH_COIN/15m | 内存: 6.1/24.5GB | 毕业生: 803个 | 🎓 新毕业: grad_20260406_111822_r1.json, grad_20260406_111421_r2.json, grad_20260406_110352_r3.json | 进度: 无进度
[2026-04-06 11:46] ✅ 第714次检查 | 4工位: LINK/15m, LINK/15m, LINK/15m, LINK/15m | 内存: 6.0/24.5GB | 毕业生: 807个 | 🎓 新毕业: grad_20260406_114157_r2.json, grad_20260406_114101_r2.json, grad_20260406_113507_r1.json | 进度: 无进度
[2026-04-06 12:01] ✅ 第715次检查 | 4工位: SOL/15m, SOL/15m, SOL/15m, SOL/15m | 内存: 11.4/24.5GB | 毕业生: 811个 | 🎓 新毕业: grad_20260406_115500_r3.json, grad_20260406_115234_r2.json, grad_20260406_114604_r1.json | 进度: 无进度
